<?xml version="1.0" encoding="UTF-8"?>
<?xml-stylesheet type="text/xsl" href="ivy-report.xsl"?>
<ivy-report version="1.0">
	<info
		organisation="play-scala-backbone-todo"
		module="play-scala-backbone-todo_2.10"
		revision="1.0-SNAPSHOT"
		conf="test-internal"
		confs="compile, runtime, test, provided, optional, compile-internal, runtime-internal, test-internal, plugin, sources, docs, pom"
		date="20131103235417"/>
	<dependencies>
		<module organisation="play" name="play-test_2.10">
			<revision name="2.1.3" status="release" pubdate="20130806135603" resolver="Typesafe Releases Repository" artresolver="Typesafe Releases Repository" homepage="" downloaded="true" searched="true" default="false" conf="default(compile), default, compile, runtime, master" position="64">
				<metadata-artifact status="successful" details="" size="1725" time="898" location="/Applications/play-2.2.0/framework/../repository/cache/play/play-test_2.10/ivy-2.1.3.xml" searched="true" original-local-location="/Applications/play-2.2.0/framework/../repository/cache/play/play-test_2.10/ivy-2.1.3.xml.original" origin-is-local="false" origin-location="http://repo.typesafe.com/typesafe/releases/play/play-test_2.10/2.1.3/play-test_2.10-2.1.3.pom"/>
				<caller organisation="play-scala-backbone-todo" name="play-scala-backbone-todo_2.10" conf="test-internal, test, optional, compile, provided, runtime" rev="2.1.3" rev-constraint-default="2.1.3" rev-constraint-dynamic="2.1.3" callerrev="1.0-SNAPSHOT"/>
				<artifacts>
					<artifact name="play-test_2.10" type="jar" ext="jar" status="successful" details="" size="132141" time="1818" location="/Applications/play-2.2.0/framework/../repository/cache/play/play-test_2.10/jars/play-test_2.10-2.1.3.jar">
						<origin-location is-local="false" location="http://repo.typesafe.com/typesafe/releases/play/play-test_2.10/2.1.3/play-test_2.10-2.1.3.jar"/>
					</artifact>
				</artifacts>
			</revision>
		</module>
		<module organisation="org.seleniumhq.selenium" name="selenium-firefox-driver">
			<revision name="2.33.0" status="release" pubdate="20130522210134" resolver="sbt-chain" artresolver="sbt-chain" homepage="" downloaded="false" searched="false" default="false" conf="default(compile), default, compile, runtime, master, master(*), compile(*), runtime(*)" position="51">
				<metadata-artifact status="no" details="" size="6011" time="0" location="/Applications/play-2.2.0/framework/../repository/cache/org.seleniumhq.selenium/selenium-firefox-driver/ivy-2.33.0.xml" searched="false" origin-is-local="false" origin-location="http://repo1.maven.org/maven2/org/seleniumhq/selenium/selenium-firefox-driver/2.33.0/selenium-firefox-driver-2.33.0.pom"/>
				<caller organisation="org.seleniumhq.selenium" name="selenium-java" conf="compile, runtime" rev="2.25.0" rev-constraint-default="2.25.0" rev-constraint-dynamic="2.25.0" callerrev="2.25.0"/>
				<caller organisation="play-scala-backbone-todo" name="play-scala-backbone-todo_2.10" conf="test-internal, test, optional, compile, provided, runtime" rev="2.33.0" rev-constraint-default="2.33.0" rev-constraint-dynamic="2.33.0" callerrev="1.0-SNAPSHOT"/>
				<artifacts>
					<artifact name="selenium-firefox-driver" type="jar" ext="jar" status="no" details="" size="2560129" time="0" location="/Applications/play-2.2.0/framework/../repository/cache/org.seleniumhq.selenium/selenium-firefox-driver/jars/selenium-firefox-driver-2.33.0.jar">
						<origin-location is-local="false" location="http://repo1.maven.org/maven2/org/seleniumhq/selenium/selenium-firefox-driver/2.33.0/selenium-firefox-driver-2.33.0.jar"/>
					</artifact>
				</artifacts>
			</revision>
			<revision name="2.25.0" evicted="latest-revision" evicted-reason="" downloaded="false" searched="false" conf="compile, master(*), runtime, compile(*), runtime(*), master" position="-1">
				<evicted-by rev="2.33.0"/>
				<caller organisation="org.seleniumhq.selenium" name="selenium-java" conf="compile, runtime" rev="2.25.0" rev-constraint-default="2.25.0" rev-constraint-dynamic="2.25.0" callerrev="2.25.0"/>
				<artifacts>
				</artifacts>
			</revision>
		</module>
		<module organisation="commons-io" name="commons-io">
			<revision name="2.2" status="release" pubdate="20120327021438" resolver="sbt-chain" artresolver="sbt-chain" homepage="http://commons.apache.org/io/" downloaded="false" searched="false" default="false" conf="compile, master(*), runtime, compile(*), runtime(*), master" position="63">
				<metadata-artifact status="no" details="" size="7999" time="0" location="/Applications/play-2.2.0/framework/../repository/cache/commons-io/commons-io/ivy-2.2.xml" searched="false" origin-is-local="true" origin-location="/Applications/play-2.2.0/repository/local/commons-io/commons-io/2.2/ivys/ivy.xml"/>
				<caller organisation="org.seleniumhq.selenium" name="selenium-firefox-driver" conf="default, compile, runtime, master" rev="2.2" rev-constraint-default="2.2" rev-constraint-dynamic="2.2" callerrev="2.33.0"/>
				<caller organisation="net.sourceforge.htmlunit" name="htmlunit" conf="compile, runtime" rev="2.0.1" rev-constraint-default="2.0.1" rev-constraint-dynamic="2.0.1" callerrev="2.9"/>
				<artifacts>
					<artifact name="commons-io" type="jar" ext="jar" status="no" details="" size="173587" time="0" location="/Applications/play-2.2.0/repository/local/commons-io/commons-io/2.2/jars/commons-io.jar">
						<origin-location is-local="true" location="/Applications/play-2.2.0/repository/local/commons-io/commons-io/2.2/jars/commons-io.jar"/>
					</artifact>
				</artifacts>
			</revision>
			<revision name="2.0.1" evicted="latest-revision" evicted-reason="" downloaded="false" searched="false" conf="compile, master(*), runtime, compile(*), runtime(*), master" position="-1">
				<evicted-by rev="2.2"/>
				<caller organisation="net.sourceforge.htmlunit" name="htmlunit" conf="compile, runtime" rev="2.0.1" rev-constraint-default="2.0.1" rev-constraint-dynamic="2.0.1" callerrev="2.9"/>
				<artifacts>
				</artifacts>
			</revision>
		</module>
		<module organisation="org.seleniumhq.selenium" name="selenium-remote-driver">
			<revision name="2.33.0" status="release" pubdate="20130522210115" resolver="sbt-chain" artresolver="sbt-chain" homepage="" downloaded="false" searched="false" default="false" conf="compile, master(*), runtime, compile(*), runtime(*), master" position="52">
				<metadata-artifact status="no" details="" size="6675" time="0" location="/Applications/play-2.2.0/framework/../repository/cache/org.seleniumhq.selenium/selenium-remote-driver/ivy-2.33.0.xml" searched="false" origin-is-local="false" origin-location="http://repo1.maven.org/maven2/org/seleniumhq/selenium/selenium-remote-driver/2.33.0/selenium-remote-driver-2.33.0.pom"/>
				<caller organisation="org.seleniumhq.selenium" name="selenium-firefox-driver" conf="default, compile, runtime, master" rev="2.33.0" rev-constraint-default="2.33.0" rev-constraint-dynamic="2.33.0" callerrev="2.33.0"/>
				<caller organisation="org.seleniumhq.selenium" name="selenium-safari-driver" conf="compile, runtime" rev="2.25.0" rev-constraint-default="2.25.0" rev-constraint-dynamic="2.25.0" callerrev="2.25.0"/>
				<caller organisation="org.seleniumhq.selenium" name="selenium-ie-driver" conf="compile, runtime" rev="2.25.0" rev-constraint-default="2.25.0" rev-constraint-dynamic="2.25.0" callerrev="2.25.0"/>
				<caller organisation="org.seleniumhq.selenium" name="selenium-chrome-driver" conf="compile, runtime" rev="2.25.0" rev-constraint-default="2.25.0" rev-constraint-dynamic="2.25.0" callerrev="2.25.0"/>
				<caller organisation="org.seleniumhq.selenium" name="selenium-iphone-driver" conf="compile, runtime" rev="2.25.0" rev-constraint-default="2.25.0" rev-constraint-dynamic="2.25.0" callerrev="2.25.0"/>
				<caller organisation="org.seleniumhq.selenium" name="selenium-android-driver" conf="compile, runtime" rev="2.25.0" rev-constraint-default="2.25.0" rev-constraint-dynamic="2.25.0" callerrev="2.25.0"/>
				<artifacts>
					<artifact name="selenium-remote-driver" type="jar" ext="jar" status="no" details="" size="234276" time="0" location="/Applications/play-2.2.0/framework/../repository/cache/org.seleniumhq.selenium/selenium-remote-driver/jars/selenium-remote-driver-2.33.0.jar">
						<origin-location is-local="false" location="http://repo1.maven.org/maven2/org/seleniumhq/selenium/selenium-remote-driver/2.33.0/selenium-remote-driver-2.33.0.jar"/>
					</artifact>
				</artifacts>
			</revision>
			<revision name="2.25.0" evicted="latest-revision" evicted-reason="" downloaded="false" searched="false" conf="compile, master(*), runtime, compile(*), runtime(*), master" position="-1">
				<evicted-by rev="2.33.0"/>
				<caller organisation="org.seleniumhq.selenium" name="selenium-safari-driver" conf="compile, runtime" rev="2.25.0" rev-constraint-default="2.25.0" rev-constraint-dynamic="2.25.0" callerrev="2.25.0"/>
				<caller organisation="org.seleniumhq.selenium" name="selenium-ie-driver" conf="compile, runtime" rev="2.25.0" rev-constraint-default="2.25.0" rev-constraint-dynamic="2.25.0" callerrev="2.25.0"/>
				<caller organisation="org.seleniumhq.selenium" name="selenium-chrome-driver" conf="compile, runtime" rev="2.25.0" rev-constraint-default="2.25.0" rev-constraint-dynamic="2.25.0" callerrev="2.25.0"/>
				<caller organisation="org.seleniumhq.selenium" name="selenium-iphone-driver" conf="compile, runtime" rev="2.25.0" rev-constraint-default="2.25.0" rev-constraint-dynamic="2.25.0" callerrev="2.25.0"/>
				<caller organisation="org.seleniumhq.selenium" name="selenium-android-driver" conf="compile, runtime" rev="2.25.0" rev-constraint-default="2.25.0" rev-constraint-dynamic="2.25.0" callerrev="2.25.0"/>
				<artifacts>
				</artifacts>
			</revision>
		</module>
		<module organisation="org.apache.commons" name="commons-exec">
			<revision name="1.1" status="release" pubdate="20120905081115" resolver="sbt-chain" artresolver="sbt-chain" homepage="http://commons.apache.org/exec/" downloaded="false" searched="false" default="false" conf="compile, master(*), runtime, compile(*), runtime(*), master" position="60">
				<metadata-artifact status="no" details="" size="6038" time="0" location="/Applications/play-2.2.0/framework/../repository/cache/org.apache.commons/commons-exec/ivy-1.1.xml" searched="false" origin-is-local="true" origin-location="/Applications/play-2.2.0/repository/local/org.apache.commons/commons-exec/1.1/ivys/ivy.xml"/>
				<caller organisation="org.seleniumhq.selenium" name="selenium-firefox-driver" conf="default, compile, runtime, master" rev="1.1" rev-constraint-default="1.1" rev-constraint-dynamic="1.1" callerrev="2.33.0"/>
				<caller organisation="org.seleniumhq.selenium" name="selenium-remote-driver" conf="compile, runtime" rev="1.1" rev-constraint-default="1.1" rev-constraint-dynamic="1.1" callerrev="2.33.0"/>
				<artifacts>
					<artifact name="commons-exec" type="jar" ext="jar" status="no" details="" size="52543" time="0" location="/Applications/play-2.2.0/repository/local/org.apache.commons/commons-exec/1.1/jars/commons-exec.jar">
						<origin-location is-local="true" location="/Applications/play-2.2.0/repository/local/org.apache.commons/commons-exec/1.1/jars/commons-exec.jar"/>
					</artifact>
				</artifacts>
			</revision>
		</module>
		<module organisation="org.apache.httpcomponents" name="httpclient">
			<revision name="4.2.1" status="release" pubdate="20120630065423" resolver="sbt-chain" artresolver="sbt-chain" homepage="http://hc.apache.org/httpcomponents-client" downloaded="false" searched="false" default="false" conf="compile, master(*), runtime, compile(*), runtime(*), master" position="57">
				<metadata-artifact status="no" details="" size="9139" time="0" location="/Applications/play-2.2.0/framework/../repository/cache/org.apache.httpcomponents/httpclient/ivy-4.2.1.xml" searched="false" origin-is-local="true" origin-location="/Applications/play-2.2.0/repository/local/org.apache.httpcomponents/httpclient/4.2.1/ivys/ivy.xml"/>
				<caller organisation="oauth.signpost" name="signpost-commonshttp4" conf="compile, runtime" rev="4.0.1" rev-constraint-default="4.0.1" rev-constraint-dynamic="4.0.1" callerrev="1.2.1.2"/>
				<caller organisation="org.seleniumhq.selenium" name="selenium-remote-driver" conf="compile, runtime" rev="4.2.1" rev-constraint-default="4.2.1" rev-constraint-dynamic="4.2.1" callerrev="2.33.0"/>
				<caller organisation="org.seleniumhq.selenium" name="selenium-htmlunit-driver" conf="compile, runtime" rev="4.1.2" rev-constraint-default="4.1.2" rev-constraint-dynamic="4.1.2" callerrev="2.25.0"/>
				<artifacts>
					<artifact name="httpclient" type="jar" ext="jar" status="no" details="" size="427021" time="0" location="/Applications/play-2.2.0/repository/local/org.apache.httpcomponents/httpclient/4.2.1/jars/httpclient.jar">
						<origin-location is-local="true" location="/Applications/play-2.2.0/repository/local/org.apache.httpcomponents/httpclient/4.2.1/jars/httpclient.jar"/>
					</artifact>
				</artifacts>
			</revision>
			<revision name="4.0.1" status="release" pubdate="20120905081031" resolver="sbt-chain" artresolver="sbt-chain" evicted="latest-revision" evicted-reason="" homepage="http://hc.apache.org/httpcomponents-client" downloaded="false" searched="false" default="false" conf="compile, master(*), runtime, compile(*), runtime(*), master" position="-1">
				<license name="Apache License" url="../LICENSE.txt"/>
				<metadata-artifact status="no" details="" size="4937" time="0" location="/Applications/play-2.2.0/framework/../repository/cache/org.apache.httpcomponents/httpclient/ivy-4.0.1.xml" searched="false" origin-is-local="true" origin-location="/Applications/play-2.2.0/repository/local/org.apache.httpcomponents/httpclient/4.0.1/ivys/ivy.xml"/>
				<evicted-by rev="4.2.1"/>
				<caller organisation="oauth.signpost" name="signpost-commonshttp4" conf="compile, runtime" rev="4.0.1" rev-constraint-default="4.0.1" rev-constraint-dynamic="4.0.1" callerrev="1.2.1.2"/>
				<artifacts>
				</artifacts>
			</revision>
			<revision name="4.1.2" evicted="latest-revision" evicted-reason="" downloaded="false" searched="false" conf="compile, master(*), runtime, compile(*), runtime(*), master" position="-1">
				<evicted-by rev="4.2.1"/>
				<caller organisation="org.seleniumhq.selenium" name="selenium-htmlunit-driver" conf="compile, runtime" rev="4.1.2" rev-constraint-default="4.1.2" rev-constraint-dynamic="4.1.2" callerrev="2.25.0"/>
				<artifacts>
				</artifacts>
			</revision>
		</module>
		<module organisation="commons-codec" name="commons-codec">
			<revision name="1.6" status="release" pubdate="20120905080820" resolver="sbt-chain" artresolver="sbt-chain" homepage="http://commons.apache.org/codec/" downloaded="false" searched="false" default="false" conf="compile, master(*), runtime, compile(*), runtime(*), master" position="59">
				<metadata-artifact status="no" details="" size="7545" time="0" location="/Applications/play-2.2.0/framework/../repository/cache/commons-codec/commons-codec/ivy-1.6.xml" searched="false" origin-is-local="true" origin-location="/Applications/play-2.2.0/repository/local/commons-codec/commons-codec/1.6/ivys/ivy.xml"/>
				<caller organisation="net.sourceforge.htmlunit" name="htmlunit" conf="compile, runtime" rev="1.6" rev-constraint-default="1.6" rev-constraint-dynamic="1.4" callerrev="2.9"/>
				<caller organisation="org.apache.httpcomponents" name="httpclient" conf="compile, runtime" rev="1.6" rev-constraint-default="1.6" rev-constraint-dynamic="1.6" callerrev="4.2.1"/>
				<caller organisation="oauth.signpost" name="signpost-core" conf="compile, runtime" rev="1.3" rev-constraint-default="1.3" rev-constraint-dynamic="1.3" callerrev="1.2.1.2"/>
				<caller organisation="org.apache.httpcomponents" name="httpclient" conf="compile, runtime" rev="1.3" rev-constraint-default="1.3" rev-constraint-dynamic="1.3" callerrev="4.0.1"/>
				<artifacts>
					<artifact name="commons-codec" type="jar" ext="jar" status="no" details="" size="232771" time="0" location="/Applications/play-2.2.0/repository/local/commons-codec/commons-codec/1.6/jars/commons-codec.jar">
						<origin-location is-local="true" location="/Applications/play-2.2.0/repository/local/commons-codec/commons-codec/1.6/jars/commons-codec.jar"/>
					</artifact>
				</artifacts>
			</revision>
			<revision name="1.3" status="release" pubdate="20120905080938" resolver="sbt-chain" artresolver="sbt-chain" evicted="latest-revision" evicted-reason="" homepage="http://jakarta.apache.org/commons/codec/" downloaded="false" searched="false" default="false" conf="compile, master(*), runtime, compile(*), runtime(*), master" position="-1">
				<license name="The Apache Software License, Version 2.0" url="/LICENSE.txt"/>
				<metadata-artifact status="no" details="" size="2780" time="0" location="/Applications/play-2.2.0/framework/../repository/cache/commons-codec/commons-codec/ivy-1.3.xml" searched="false" origin-is-local="true" origin-location="/Applications/play-2.2.0/repository/local/commons-codec/commons-codec/1.3/ivys/ivy.xml"/>
				<evicted-by rev="1.6"/>
				<caller organisation="oauth.signpost" name="signpost-core" conf="compile, runtime" rev="1.3" rev-constraint-default="1.3" rev-constraint-dynamic="1.3" callerrev="1.2.1.2"/>
				<caller organisation="org.apache.httpcomponents" name="httpclient" conf="compile, runtime" rev="1.3" rev-constraint-default="1.3" rev-constraint-dynamic="1.3" callerrev="4.0.1"/>
				<artifacts>
				</artifacts>
			</revision>
		</module>
		<module organisation="org.apache.httpcomponents" name="httpcore">
			<revision name="4.2.1" status="release" pubdate="20120611011325" resolver="sbt-chain" artresolver="sbt-chain" homepage="http://hc.apache.org/httpcomponents-core-ga" downloaded="false" searched="false" default="false" conf="compile, master(*), runtime, compile(*), runtime(*), master" position="58">
				<metadata-artifact status="no" details="" size="6592" time="0" location="/Applications/play-2.2.0/framework/../repository/cache/org.apache.httpcomponents/httpcore/ivy-4.2.1.xml" searched="false" origin-is-local="true" origin-location="/Applications/play-2.2.0/repository/local/org.apache.httpcomponents/httpcore/4.2.1/ivys/ivy.xml"/>
				<caller organisation="org.apache.httpcomponents" name="httpmime" conf="compile, runtime" rev="4.1.3" rev-constraint-default="4.1.3" rev-constraint-dynamic="4.1.2" callerrev="4.1.2"/>
				<caller organisation="oauth.signpost" name="signpost-commonshttp4" conf="compile, runtime" rev="4.0.1" rev-constraint-default="4.0.1" rev-constraint-dynamic="4.0.1" callerrev="1.2.1.2"/>
				<caller organisation="org.apache.httpcomponents" name="httpclient" conf="compile, runtime" rev="4.2.1" rev-constraint-default="4.2.1" rev-constraint-dynamic="4.2.1" callerrev="4.2.1"/>
				<caller organisation="org.apache.httpcomponents" name="httpclient" conf="compile, runtime" rev="4.0.1" rev-constraint-default="4.0.1" rev-constraint-dynamic="4.0.1" callerrev="4.0.1"/>
				<artifacts>
					<artifact name="httpcore" type="jar" ext="jar" status="no" details="" size="223374" time="0" location="/Applications/play-2.2.0/repository/local/org.apache.httpcomponents/httpcore/4.2.1/jars/httpcore.jar">
						<origin-location is-local="true" location="/Applications/play-2.2.0/repository/local/org.apache.httpcomponents/httpcore/4.2.1/jars/httpcore.jar"/>
					</artifact>
				</artifacts>
			</revision>
			<revision name="4.0.1" status="release" pubdate="20120905081036" resolver="sbt-chain" artresolver="sbt-chain" evicted="latest-revision" evicted-reason="" homepage="http://hc.apache.org/httpcomponents-core/" downloaded="false" searched="false" default="false" conf="compile, master(*), runtime, compile(*), runtime(*), master" position="-1">
				<license name="Apache License" url="http://www.apache.org/licenses/LICENSE-2.0.html"/>
				<metadata-artifact status="no" details="" size="4237" time="0" location="/Applications/play-2.2.0/framework/../repository/cache/org.apache.httpcomponents/httpcore/ivy-4.0.1.xml" searched="false" origin-is-local="true" origin-location="/Applications/play-2.2.0/repository/local/org.apache.httpcomponents/httpcore/4.0.1/ivys/ivy.xml"/>
				<evicted-by rev="4.2.1"/>
				<caller organisation="oauth.signpost" name="signpost-commonshttp4" conf="compile, runtime" rev="4.0.1" rev-constraint-default="4.0.1" rev-constraint-dynamic="4.0.1" callerrev="1.2.1.2"/>
				<caller organisation="org.apache.httpcomponents" name="httpclient" conf="compile, runtime" rev="4.0.1" rev-constraint-default="4.0.1" rev-constraint-dynamic="4.0.1" callerrev="4.0.1"/>
				<artifacts>
				</artifacts>
			</revision>
			<revision name="4.1.3" evicted="latest-revision" evicted-reason="" downloaded="false" searched="false" conf="compile, master(*), runtime, compile(*), runtime(*), master" position="-1">
				<evicted-by rev="4.2.1"/>
				<caller organisation="org.apache.httpcomponents" name="httpmime" conf="compile, runtime" rev="4.1.3" rev-constraint-default="4.1.3" rev-constraint-dynamic="4.1.2" callerrev="4.1.2"/>
				<artifacts>
				</artifacts>
			</revision>
		</module>
		<module organisation="org.seleniumhq.selenium" name="selenium-api">
			<revision name="2.33.0" status="release" pubdate="20130522210106" resolver="sbt-chain" artresolver="sbt-chain" homepage="" downloaded="false" searched="false" default="false" conf="compile, master(*), runtime, compile(*), runtime(*), master" position="55">
				<metadata-artifact status="no" details="" size="5848" time="0" location="/Applications/play-2.2.0/framework/../repository/cache/org.seleniumhq.selenium/selenium-api/ivy-2.33.0.xml" searched="false" origin-is-local="false" origin-location="http://repo1.maven.org/maven2/org/seleniumhq/selenium/selenium-api/2.33.0/selenium-api-2.33.0.pom"/>
				<caller organisation="org.seleniumhq.selenium" name="selenium-remote-driver" conf="compile, runtime" rev="2.33.0" rev-constraint-default="2.33.0" rev-constraint-dynamic="2.33.0" callerrev="2.33.0"/>
				<caller organisation="org.seleniumhq.selenium" name="selenium-support" conf="compile, runtime" rev="2.25.0" rev-constraint-default="2.25.0" rev-constraint-dynamic="2.25.0" callerrev="2.25.0"/>
				<caller organisation="org.seleniumhq.selenium" name="selenium-htmlunit-driver" conf="compile, runtime" rev="2.25.0" rev-constraint-default="2.25.0" rev-constraint-dynamic="2.25.0" callerrev="2.25.0"/>
				<artifacts>
					<artifact name="selenium-api" type="jar" ext="jar" status="no" details="" size="141871" time="0" location="/Applications/play-2.2.0/framework/../repository/cache/org.seleniumhq.selenium/selenium-api/jars/selenium-api-2.33.0.jar">
						<origin-location is-local="false" location="http://repo1.maven.org/maven2/org/seleniumhq/selenium/selenium-api/2.33.0/selenium-api-2.33.0.jar"/>
					</artifact>
				</artifacts>
			</revision>
			<revision name="2.25.0" evicted="latest-revision" evicted-reason="" downloaded="false" searched="false" conf="compile, master(*), runtime, compile(*), runtime(*), master" position="-1">
				<evicted-by rev="2.33.0"/>
				<caller organisation="org.seleniumhq.selenium" name="selenium-support" conf="compile, runtime" rev="2.25.0" rev-constraint-default="2.25.0" rev-constraint-dynamic="2.25.0" callerrev="2.25.0"/>
				<caller organisation="org.seleniumhq.selenium" name="selenium-htmlunit-driver" conf="compile, runtime" rev="2.25.0" rev-constraint-default="2.25.0" rev-constraint-dynamic="2.25.0" callerrev="2.25.0"/>
				<artifacts>
				</artifacts>
			</revision>
		</module>
		<module organisation="com.google.guava" name="guava">
			<revision name="14.0" status="release" pubdate="20130225195554" resolver="public" artresolver="public" homepage="" downloaded="true" searched="true" default="false" conf="compile, master(*), runtime, compile(*), runtime(*), master" position="56">
				<metadata-artifact status="successful" details="" size="5374" time="813" location="/Applications/play-2.2.0/framework/../repository/cache/com.google.guava/guava/ivy-14.0.xml" searched="true" original-local-location="/Applications/play-2.2.0/framework/../repository/cache/com.google.guava/guava/ivy-14.0.xml.original" origin-is-local="false" origin-location="http://repo1.maven.org/maven2/com/google/guava/guava/14.0/guava-14.0.pom"/>
				<caller organisation="play" name="play-java_2.10" conf="compile, runtime" rev="13.0.1" rev-constraint-default="13.0.1" rev-constraint-dynamic="13.0.1" callerrev="2.1.3"/>
				<caller organisation="org.seleniumhq.selenium" name="selenium-remote-driver" conf="compile, runtime" rev="14.0" rev-constraint-default="14.0" rev-constraint-dynamic="14.0" callerrev="2.33.0"/>
				<caller organisation="org.seleniumhq.selenium" name="selenium-api" conf="compile, runtime" rev="14.0" rev-constraint-default="14.0" rev-constraint-dynamic="14.0" callerrev="2.33.0"/>
				<artifacts>
					<artifact name="guava" type="bundle" ext="jar" status="successful" details="" size="2189111" time="53925" location="/Applications/play-2.2.0/framework/../repository/cache/com.google.guava/guava/bundles/guava-14.0.jar">
						<origin-location is-local="false" location="http://repo1.maven.org/maven2/com/google/guava/guava/14.0/guava-14.0.jar"/>
					</artifact>
				</artifacts>
			</revision>
			<revision name="13.0.1" status="release" pubdate="20120828172726" resolver="public" artresolver="public" evicted="latest-revision" evicted-reason="" homepage="" downloaded="true" searched="true" default="false" conf="compile, master(*), runtime, compile(*), runtime(*), master" position="-1">
				<metadata-artifact status="successful" details="" size="5346" time="477" location="/Applications/play-2.2.0/framework/../repository/cache/com.google.guava/guava/ivy-13.0.1.xml" searched="true" original-local-location="/Applications/play-2.2.0/framework/../repository/cache/com.google.guava/guava/ivy-13.0.1.xml.original" origin-is-local="false" origin-location="http://repo1.maven.org/maven2/com/google/guava/guava/13.0.1/guava-13.0.1.pom"/>
				<evicted-by rev="14.0"/>
				<caller organisation="play" name="play-java_2.10" conf="compile, runtime" rev="13.0.1" rev-constraint-default="13.0.1" rev-constraint-dynamic="13.0.1" callerrev="2.1.3"/>
				<artifacts>
				</artifacts>
			</revision>
		</module>
		<module organisation="org.json" name="json">
			<revision name="20080701" status="release" pubdate="20120905081113" resolver="sbt-chain" artresolver="sbt-chain" homepage="http://www.json.org/java/index.html" downloaded="false" searched="false" default="false" conf="compile, master(*), runtime, compile(*), runtime(*), master" position="54">
				<license name="provided without support or warranty" url="http://www.json.org/license.html"/>
				<metadata-artifact status="no" details="" size="2968" time="0" location="/Applications/play-2.2.0/framework/../repository/cache/org.json/json/ivy-20080701.xml" searched="false" origin-is-local="true" origin-location="/Applications/play-2.2.0/repository/local/org.json/json/20080701/ivys/ivy.xml"/>
				<caller organisation="org.seleniumhq.selenium" name="selenium-remote-driver" conf="compile, runtime" rev="20080701" rev-constraint-default="20080701" rev-constraint-dynamic="20080701" callerrev="2.33.0"/>
				<caller organisation="org.seleniumhq.selenium" name="selenium-api" conf="compile, runtime" rev="20080701" rev-constraint-default="20080701" rev-constraint-dynamic="20080701" callerrev="2.33.0"/>
				<artifacts>
					<artifact name="json" type="jar" ext="jar" status="no" details="" size="37875" time="0" location="/Applications/play-2.2.0/repository/local/org.json/json/20080701/jars/json.jar">
						<origin-location is-local="true" location="/Applications/play-2.2.0/repository/local/org.json/json/20080701/jars/json.jar"/>
					</artifact>
				</artifacts>
			</revision>
		</module>
		<module organisation="cglib" name="cglib-nodep">
			<revision name="2.1_3" status="release" pubdate="20120905081112" resolver="sbt-chain" artresolver="sbt-chain" homepage="http://cglib.sourceforge.net/" downloaded="false" searched="false" default="false" conf="compile, master(*), runtime, compile(*), runtime(*), master" position="53">
				<metadata-artifact status="no" details="" size="2206" time="0" location="/Applications/play-2.2.0/framework/../repository/cache/cglib/cglib-nodep/ivy-2.1_3.xml" searched="false" origin-is-local="true" origin-location="/Applications/play-2.2.0/repository/local/cglib/cglib-nodep/2.1_3/ivys/ivy.xml"/>
				<caller organisation="org.seleniumhq.selenium" name="selenium-remote-driver" conf="compile, runtime" rev="2.1_3" rev-constraint-default="2.1_3" rev-constraint-dynamic="2.1_3" callerrev="2.33.0"/>
				<artifacts>
					<artifact name="cglib-nodep" type="jar" ext="jar" status="no" details="" size="324238" time="0" location="/Applications/play-2.2.0/repository/local/cglib/cglib-nodep/2.1_3/jars/cglib-nodep.jar">
						<origin-location is-local="true" location="/Applications/play-2.2.0/repository/local/cglib/cglib-nodep/2.1_3/jars/cglib-nodep.jar"/>
					</artifact>
				</artifacts>
			</revision>
		</module>
		<module organisation="com.typesafe.play" name="play-slick_2.10">
			<revision name="0.4.0" status="release" pubdate="20130730102354" resolver="public" artresolver="public" homepage="https://github.com/freekh/play-slick" downloaded="true" searched="true" default="false" conf="default(compile), default, compile, runtime, master" position="49">
				<license name="Apache 2.0" url="http://www.apache.org/licenses/LICENSE-2.0.html"/>
				<metadata-artifact status="successful" details="" size="2198" time="511" location="/Applications/play-2.2.0/framework/../repository/cache/com.typesafe.play/play-slick_2.10/ivy-0.4.0.xml" searched="true" original-local-location="/Applications/play-2.2.0/framework/../repository/cache/com.typesafe.play/play-slick_2.10/ivy-0.4.0.xml.original" origin-is-local="false" origin-location="http://repo1.maven.org/maven2/com/typesafe/play/play-slick_2.10/0.4.0/play-slick_2.10-0.4.0.pom"/>
				<caller organisation="play-scala-backbone-todo" name="play-scala-backbone-todo_2.10" conf="test-internal, test, optional, compile, provided, runtime" rev="0.4.0" rev-constraint-default="0.4.0" rev-constraint-dynamic="0.4.0" callerrev="1.0-SNAPSHOT"/>
				<artifacts>
					<artifact name="play-slick_2.10" type="jar" ext="jar" status="successful" details="" size="127153" time="3907" location="/Applications/play-2.2.0/framework/../repository/cache/com.typesafe.play/play-slick_2.10/jars/play-slick_2.10-0.4.0.jar">
						<origin-location is-local="false" location="http://repo1.maven.org/maven2/com/typesafe/play/play-slick_2.10/0.4.0/play-slick_2.10-0.4.0.jar"/>
					</artifact>
				</artifacts>
			</revision>
		</module>
		<module organisation="com.typesafe.slick" name="slick_2.10">
			<revision name="1.0.1" status="release" pubdate="20130604195840" resolver="sbt-chain" artresolver="sbt-chain" homepage="http://slick.typesafe.com" downloaded="false" searched="false" default="false" conf="compile, master(*), runtime, compile(*), runtime(*), master" position="50">
				<license name="Two-clause BSD-style license" url="http://github.com/slick/slick/blob/master/LICENSE.txt"/>
				<metadata-artifact status="no" details="" size="2820" time="0" location="/Applications/play-2.2.0/framework/../repository/cache/com.typesafe.slick/slick_2.10/ivy-1.0.1.xml" searched="false" origin-is-local="false" origin-location="http://repo1.maven.org/maven2/com/typesafe/slick/slick_2.10/1.0.1/slick_2.10-1.0.1.pom"/>
				<caller organisation="com.typesafe.play" name="play-slick_2.10" conf="default, compile, runtime, master" rev="1.0.1" rev-constraint-default="1.0.1" rev-constraint-dynamic="1.0.1" callerrev="0.4.0"/>
				<artifacts>
					<artifact name="slick_2.10" type="jar" ext="jar" status="no" details="" size="2753282" time="0" location="/Applications/play-2.2.0/framework/../repository/cache/com.typesafe.slick/slick_2.10/jars/slick_2.10-1.0.1.jar">
						<origin-location is-local="false" location="http://repo1.maven.org/maven2/com/typesafe/slick/slick_2.10/1.0.1/slick_2.10-1.0.1.jar"/>
					</artifact>
				</artifacts>
			</revision>
		</module>
		<module organisation="play" name="play-jdbc_2.10">
			<revision name="2.1.3" status="release" pubdate="20130806135527" resolver="Typesafe Releases Repository" artresolver="Typesafe Releases Repository" homepage="" downloaded="true" searched="true" default="false" conf="default(compile), default, compile, runtime, master, master(*), compile(*), runtime(*)" position="33">
				<metadata-artifact status="successful" details="" size="1903" time="859" location="/Applications/play-2.2.0/framework/../repository/cache/play/play-jdbc_2.10/ivy-2.1.3.xml" searched="true" original-local-location="/Applications/play-2.2.0/framework/../repository/cache/play/play-jdbc_2.10/ivy-2.1.3.xml.original" origin-is-local="false" origin-location="http://repo.typesafe.com/typesafe/releases/play/play-jdbc_2.10/2.1.3/play-jdbc_2.10-2.1.3.pom"/>
				<caller organisation="com.typesafe.play" name="play-slick_2.10" conf="default, compile, runtime, master" rev="2.1.2" rev-constraint-default="2.1.2" rev-constraint-dynamic="2.1.2" callerrev="0.4.0"/>
				<caller organisation="play-scala-backbone-todo" name="play-scala-backbone-todo_2.10" conf="test-internal, test, optional, compile, provided, runtime" rev="2.1.3" rev-constraint-default="2.1.3" rev-constraint-dynamic="2.1.3" callerrev="1.0-SNAPSHOT"/>
				<artifacts>
					<artifact name="play-jdbc_2.10" type="jar" ext="jar" status="successful" details="" size="209818" time="1253" location="/Applications/play-2.2.0/framework/../repository/cache/play/play-jdbc_2.10/jars/play-jdbc_2.10-2.1.3.jar">
						<origin-location is-local="false" location="http://repo.typesafe.com/typesafe/releases/play/play-jdbc_2.10/2.1.3/play-jdbc_2.10-2.1.3.jar"/>
					</artifact>
				</artifacts>
			</revision>
			<revision name="2.1.2" evicted="latest-revision" evicted-reason="" downloaded="false" searched="false" conf="compile, master(*), runtime, compile(*), runtime(*), master" position="-1">
				<evicted-by rev="2.1.3"/>
				<caller organisation="com.typesafe.play" name="play-slick_2.10" conf="default, compile, runtime, master" rev="2.1.2" rev-constraint-default="2.1.2" rev-constraint-dynamic="2.1.2" callerrev="0.4.0"/>
				<artifacts>
				</artifacts>
			</revision>
		</module>
		<module organisation="tyrex" name="tyrex">
			<revision name="1.0.1" status="release" pubdate="20120905080950" resolver="sbt-chain" artresolver="sbt-chain" homepage="" downloaded="false" searched="false" default="false" conf="compile, master(*), runtime, compile(*), runtime(*), master" position="48">
				<metadata-artifact status="no" details="" size="2165" time="0" location="/Applications/play-2.2.0/framework/../repository/cache/tyrex/tyrex/ivy-1.0.1.xml" searched="false" origin-is-local="true" origin-location="/Applications/play-2.2.0/repository/local/tyrex/tyrex/1.0.1/ivys/ivy.xml"/>
				<caller organisation="play" name="play-jdbc_2.10" conf="default, compile, runtime, master" rev="1.0.1" rev-constraint-default="1.0.1" rev-constraint-dynamic="1.0.1" callerrev="2.1.3"/>
				<artifacts>
					<artifact name="tyrex" type="jar" ext="jar" status="no" details="" size="201315" time="0" location="/Applications/play-2.2.0/repository/local/tyrex/tyrex/1.0.1/jars/tyrex.jar">
						<origin-location is-local="true" location="/Applications/play-2.2.0/repository/local/tyrex/tyrex/1.0.1/jars/tyrex.jar"/>
					</artifact>
				</artifacts>
			</revision>
		</module>
		<module organisation="com.h2database" name="h2">
			<revision name="1.3.168" status="release" pubdate="20120713171808" resolver="public" artresolver="public" homepage="http://www.h2database.com" downloaded="false" searched="false" default="false" conf="compile, master(*), runtime, compile(*), runtime(*), master" position="47">
				<license name="The H2 License, Version 1.0" url="http://h2database.com/html/license.html"/>
				<metadata-artifact status="no" details="" size="2337" time="0" location="/Applications/play-2.2.0/framework/../repository/cache/com.h2database/h2/ivy-1.3.168.xml" searched="false" origin-is-local="false" origin-location="http://repo1.maven.org/maven2/com/h2database/h2/1.3.168/h2-1.3.168.pom"/>
				<caller organisation="play" name="play-jdbc_2.10" conf="default, compile, runtime, master" rev="1.3.168" rev-constraint-default="1.3.168" rev-constraint-dynamic="1.3.168" callerrev="2.1.3"/>
				<artifacts>
					<artifact name="h2" type="jar" ext="jar" status="no" details="" size="1280753" time="0" location="/Applications/play-2.2.0/framework/../repository/cache/com.h2database/h2/jars/h2-1.3.168.jar">
						<origin-location is-local="false" location="http://repo1.maven.org/maven2/com/h2database/h2/1.3.168/h2-1.3.168.jar"/>
					</artifact>
				</artifacts>
			</revision>
		</module>
		<module organisation="com.jolbox" name="bonecp">
			<revision name="0.7.1.RELEASE" status="release" pubdate="20110405140240" resolver="public" artresolver="public" homepage="" downloaded="true" searched="true" default="false" conf="compile, master(*), runtime, compile(*), runtime(*), master" position="46">
				<metadata-artifact status="successful" details="" size="4041" time="855" location="/Applications/play-2.2.0/framework/../repository/cache/com.jolbox/bonecp/ivy-0.7.1.RELEASE.xml" searched="true" original-local-location="/Applications/play-2.2.0/framework/../repository/cache/com.jolbox/bonecp/ivy-0.7.1.RELEASE.xml.original" origin-is-local="false" origin-location="http://repo1.maven.org/maven2/com/jolbox/bonecp/0.7.1.RELEASE/bonecp-0.7.1.RELEASE.pom"/>
				<caller organisation="play" name="play-jdbc_2.10" conf="default, compile, runtime, master" rev="0.7.1.RELEASE" rev-constraint-default="0.7.1.RELEASE" rev-constraint-dynamic="0.7.1.RELEASE" callerrev="2.1.3"/>
				<artifacts>
					<artifact name="bonecp" type="bundle" ext="jar" status="successful" details="" size="115709" time="3145" location="/Applications/play-2.2.0/framework/../repository/cache/com.jolbox/bonecp/bundles/bonecp-0.7.1.RELEASE.jar">
						<origin-location is-local="false" location="http://repo1.maven.org/maven2/com/jolbox/bonecp/0.7.1.RELEASE/bonecp-0.7.1.RELEASE.jar"/>
					</artifact>
				</artifacts>
			</revision>
		</module>
		<module organisation="play" name="play-java_2.10">
			<revision name="2.1.3" status="release" pubdate="20130806135528" resolver="Typesafe Releases Repository" artresolver="Typesafe Releases Repository" homepage="" downloaded="true" searched="true" default="false" conf="compile, master(*), runtime, compile(*), runtime(*), master" position="34">
				<metadata-artifact status="successful" details="" size="4816" time="849" location="/Applications/play-2.2.0/framework/../repository/cache/play/play-java_2.10/ivy-2.1.3.xml" searched="true" original-local-location="/Applications/play-2.2.0/framework/../repository/cache/play/play-java_2.10/ivy-2.1.3.xml.original" origin-is-local="false" origin-location="http://repo.typesafe.com/typesafe/releases/play/play-java_2.10/2.1.3/play-java_2.10-2.1.3.pom"/>
				<caller organisation="play" name="play-jdbc_2.10" conf="default, compile, runtime, master" rev="2.1.3" rev-constraint-default="2.1.3" rev-constraint-dynamic="2.1.3" callerrev="2.1.3"/>
				<artifacts>
					<artifact name="play-java_2.10" type="jar" ext="jar" status="successful" details="" size="95340" time="2300" location="/Applications/play-2.2.0/framework/../repository/cache/play/play-java_2.10/jars/play-java_2.10-2.1.3.jar">
						<origin-location is-local="false" location="http://repo.typesafe.com/typesafe/releases/play/play-java_2.10/2.1.3/play-java_2.10-2.1.3.jar"/>
					</artifact>
				</artifacts>
			</revision>
		</module>
		<module organisation="javax.servlet" name="javax.servlet-api">
			<revision name="3.0.1" status="release" pubdate="20120905080947" resolver="sbt-chain" artresolver="sbt-chain" homepage="http://servlet-spec.java.net" downloaded="false" searched="false" default="false" conf="compile, master(*), runtime, compile(*), runtime(*), master" position="45">
				<license name="CDDL + GPLv2 with classpath exception" url="https://glassfish.dev.java.net/nonav/public/CDDL+GPL.html"/>
				<metadata-artifact status="no" details="" size="3664" time="0" location="/Applications/play-2.2.0/framework/../repository/cache/javax.servlet/javax.servlet-api/ivy-3.0.1.xml" searched="false" origin-is-local="true" origin-location="/Applications/play-2.2.0/repository/local/javax.servlet/javax.servlet-api/3.0.1/ivys/ivy.xml"/>
				<caller organisation="play" name="play-java_2.10" conf="compile, runtime" rev="3.0.1" rev-constraint-default="3.0.1" rev-constraint-dynamic="3.0.1" callerrev="2.1.3"/>
				<artifacts>
					<artifact name="javax.servlet-api" type="jar" ext="jar" status="no" details="" size="85353" time="0" location="/Applications/play-2.2.0/repository/local/javax.servlet/javax.servlet-api/3.0.1/jars/javax.servlet-api.jar">
						<origin-location is-local="true" location="/Applications/play-2.2.0/repository/local/javax.servlet/javax.servlet-api/3.0.1/jars/javax.servlet-api.jar"/>
					</artifact>
				</artifacts>
			</revision>
		</module>
		<module organisation="com.google.code.findbugs" name="jsr305">
			<revision name="2.0.1" status="release" pubdate="20120905111324" resolver="sbt-chain" artresolver="sbt-chain" homepage="http://findbugs.sourceforge.net/" downloaded="false" searched="false" default="false" conf="compile, master(*), runtime, compile(*), runtime(*), master" position="44">
				<license name="The Apache Software License, Version 2.0" url="http://www.apache.org/licenses/LICENSE-2.0.txt"/>
				<metadata-artifact status="no" details="" size="2382" time="0" location="/Applications/play-2.2.0/framework/../repository/cache/com.google.code.findbugs/jsr305/ivy-2.0.1.xml" searched="false" origin-is-local="true" origin-location="/Applications/play-2.2.0/repository/local/com.google.code.findbugs/jsr305/2.0.1/ivys/ivy.xml"/>
				<caller organisation="play" name="play-java_2.10" conf="compile, runtime" rev="2.0.1" rev-constraint-default="2.0.1" rev-constraint-dynamic="2.0.1" callerrev="2.1.3"/>
				<artifacts>
					<artifact name="jsr305" type="jar" ext="jar" status="no" details="" size="31866" time="0" location="/Applications/play-2.2.0/repository/local/com.google.code.findbugs/jsr305/2.0.1/jars/jsr305.jar">
						<origin-location is-local="true" location="/Applications/play-2.2.0/repository/local/com.google.code.findbugs/jsr305/2.0.1/jars/jsr305.jar"/>
					</artifact>
				</artifacts>
			</revision>
		</module>
		<module organisation="org.reflections" name="reflections">
			<revision name="0.9.8" status="release" pubdate="20120905075102" resolver="sbt-chain" artresolver="sbt-chain" homepage="http://code.google.com/p/reflections/" downloaded="false" searched="false" default="false" conf="compile, master(*), runtime, compile(*), runtime(*), master" position="42">
				<metadata-artifact status="no" details="" size="3668" time="0" location="/Applications/play-2.2.0/framework/../repository/cache/org.reflections/reflections/ivy-0.9.8.xml" searched="false" origin-is-local="true" origin-location="/Applications/play-2.2.0/repository/local/org.reflections/reflections/0.9.8/ivys/ivy.xml"/>
				<caller organisation="play" name="play-java_2.10" conf="compile, runtime" rev="0.9.8" rev-constraint-default="0.9.8" rev-constraint-dynamic="0.9.8" callerrev="2.1.3"/>
				<artifacts>
					<artifact name="reflections" type="jar" ext="jar" status="no" details="" size="102696" time="0" location="/Applications/play-2.2.0/repository/local/org.reflections/reflections/0.9.8/jars/reflections.jar">
						<origin-location is-local="true" location="/Applications/play-2.2.0/repository/local/org.reflections/reflections/0.9.8/jars/reflections.jar"/>
					</artifact>
				</artifacts>
			</revision>
		</module>
		<module organisation="org.springframework" name="spring-context">
			<revision name="3.1.2.RELEASE" status="release" pubdate="20120708004402" resolver="public" artresolver="public" homepage="" downloaded="true" searched="true" default="false" conf="compile, master(*), runtime, compile(*), runtime(*), master" position="39">
				<license name="The Apache Software License, Version 2.0" url="http://www.apache.org/licenses/LICENSE-2.0.txt"/>
				<metadata-artifact status="successful" details="" size="8654" time="4579" location="/Applications/play-2.2.0/framework/../repository/cache/org.springframework/spring-context/ivy-3.1.2.RELEASE.xml" searched="true" original-local-location="/Applications/play-2.2.0/framework/../repository/cache/org.springframework/spring-context/ivy-3.1.2.RELEASE.xml.original" origin-is-local="false" origin-location="http://repo1.maven.org/maven2/org/springframework/spring-context/3.1.2.RELEASE/spring-context-3.1.2.RELEASE.pom"/>
				<caller organisation="play" name="play-java_2.10" conf="compile, runtime" rev="3.1.2.RELEASE" rev-constraint-default="3.1.2.RELEASE" rev-constraint-dynamic="3.1.2.RELEASE" callerrev="2.1.3"/>
				<artifacts>
					<artifact name="spring-context" type="jar" ext="jar" status="successful" details="" size="832018" time="19562" location="/Applications/play-2.2.0/framework/../repository/cache/org.springframework/spring-context/jars/spring-context-3.1.2.RELEASE.jar">
						<origin-location is-local="false" location="http://repo1.maven.org/maven2/org/springframework/spring-context/3.1.2.RELEASE/spring-context-3.1.2.RELEASE.jar"/>
					</artifact>
				</artifacts>
			</revision>
		</module>
		<module organisation="org.springframework" name="spring-beans">
			<revision name="3.1.2.RELEASE" status="release" pubdate="20120708004403" resolver="public" artresolver="public" homepage="" downloaded="true" searched="true" default="false" conf="compile, master(*), runtime, compile(*), runtime(*), master" position="41">
				<license name="The Apache Software License, Version 2.0" url="http://www.apache.org/licenses/LICENSE-2.0.txt"/>
				<metadata-artifact status="successful" details="" size="2590" time="468" location="/Applications/play-2.2.0/framework/../repository/cache/org.springframework/spring-beans/ivy-3.1.2.RELEASE.xml" searched="true" original-local-location="/Applications/play-2.2.0/framework/../repository/cache/org.springframework/spring-beans/ivy-3.1.2.RELEASE.xml.original" origin-is-local="false" origin-location="http://repo1.maven.org/maven2/org/springframework/spring-beans/3.1.2.RELEASE/spring-beans-3.1.2.RELEASE.pom"/>
				<caller organisation="play" name="play-java_2.10" conf="compile, runtime" rev="3.1.2.RELEASE" rev-constraint-default="3.1.2.RELEASE" rev-constraint-dynamic="3.1.2.RELEASE" callerrev="2.1.3"/>
				<artifacts>
					<artifact name="spring-beans" type="jar" ext="jar" status="successful" details="" size="592232" time="15474" location="/Applications/play-2.2.0/framework/../repository/cache/org.springframework/spring-beans/jars/spring-beans-3.1.2.RELEASE.jar">
						<origin-location is-local="false" location="http://repo1.maven.org/maven2/org/springframework/spring-beans/3.1.2.RELEASE/spring-beans-3.1.2.RELEASE.jar"/>
					</artifact>
				</artifacts>
			</revision>
		</module>
		<module organisation="org.springframework" name="spring-core">
			<revision name="3.1.2.RELEASE" status="release" pubdate="20120708004357" resolver="public" artresolver="public" homepage="" downloaded="true" searched="true" default="false" conf="compile, master(*), runtime, compile(*), runtime(*), master" position="40">
				<license name="The Apache Software License, Version 2.0" url="http://www.apache.org/licenses/LICENSE-2.0.txt"/>
				<metadata-artifact status="successful" details="" size="2616" time="2360" location="/Applications/play-2.2.0/framework/../repository/cache/org.springframework/spring-core/ivy-3.1.2.RELEASE.xml" searched="true" original-local-location="/Applications/play-2.2.0/framework/../repository/cache/org.springframework/spring-core/ivy-3.1.2.RELEASE.xml.original" origin-is-local="false" origin-location="http://repo1.maven.org/maven2/org/springframework/spring-core/3.1.2.RELEASE/spring-core-3.1.2.RELEASE.pom"/>
				<caller organisation="play" name="play-java_2.10" conf="compile, runtime" rev="3.1.2.RELEASE" rev-constraint-default="3.1.2.RELEASE" rev-constraint-dynamic="3.1.2.RELEASE" callerrev="2.1.3"/>
				<artifacts>
					<artifact name="spring-core" type="jar" ext="jar" status="successful" details="" size="449649" time="10553" location="/Applications/play-2.2.0/framework/../repository/cache/org.springframework/spring-core/jars/spring-core-3.1.2.RELEASE.jar">
						<origin-location is-local="false" location="http://repo1.maven.org/maven2/org/springframework/spring-core/3.1.2.RELEASE/spring-core-3.1.2.RELEASE.jar"/>
					</artifact>
				</artifacts>
			</revision>
		</module>
		<module organisation="org.hibernate" name="hibernate-validator">
			<revision name="4.3.0.Final" status="release" pubdate="20120509124612" resolver="public" artresolver="public" homepage="" downloaded="true" searched="true" default="false" conf="compile, master(*), runtime, compile(*), runtime(*), master" position="36">
				<metadata-artifact status="successful" details="" size="12393" time="2581" location="/Applications/play-2.2.0/framework/../repository/cache/org.hibernate/hibernate-validator/ivy-4.3.0.Final.xml" searched="true" original-local-location="/Applications/play-2.2.0/framework/../repository/cache/org.hibernate/hibernate-validator/ivy-4.3.0.Final.xml.original" origin-is-local="false" origin-location="http://repo1.maven.org/maven2/org/hibernate/hibernate-validator/4.3.0.Final/hibernate-validator-4.3.0.Final.pom"/>
				<caller organisation="play" name="play-java_2.10" conf="compile, runtime" rev="4.3.0.Final" rev-constraint-default="4.3.0.Final" rev-constraint-dynamic="4.3.0.Final" callerrev="2.1.3"/>
				<artifacts>
					<artifact name="hibernate-validator" type="jar" ext="jar" status="successful" details="" size="476575" time="11658" location="/Applications/play-2.2.0/framework/../repository/cache/org.hibernate/hibernate-validator/jars/hibernate-validator-4.3.0.Final.jar">
						<origin-location is-local="false" location="http://repo1.maven.org/maven2/org/hibernate/hibernate-validator/4.3.0.Final/hibernate-validator-4.3.0.Final.jar"/>
					</artifact>
				</artifacts>
			</revision>
		</module>
		<module organisation="org.jboss.logging" name="jboss-logging">
			<revision name="3.1.0.CR2" status="release" pubdate="20111123045344" resolver="public" artresolver="public" homepage="http://www.jboss.org" downloaded="true" searched="true" default="false" conf="compile, master(*), runtime, compile(*), runtime(*), master" position="38">
				<license name="GNU Lesser General Public License, version 2.1" url="http://www.gnu.org/licenses/lgpl-2.1.txt"/>
				<metadata-artifact status="successful" details="" size="6090" time="500" location="/Applications/play-2.2.0/framework/../repository/cache/org.jboss.logging/jboss-logging/ivy-3.1.0.CR2.xml" searched="true" original-local-location="/Applications/play-2.2.0/framework/../repository/cache/org.jboss.logging/jboss-logging/ivy-3.1.0.CR2.xml.original" origin-is-local="false" origin-location="http://repo1.maven.org/maven2/org/jboss/logging/jboss-logging/3.1.0.CR2/jboss-logging-3.1.0.CR2.pom"/>
				<caller organisation="org.hibernate" name="hibernate-validator" conf="compile, runtime" rev="3.1.0.CR2" rev-constraint-default="3.1.0.CR2" rev-constraint-dynamic="3.1.0.CR2" callerrev="4.3.0.Final"/>
				<artifacts>
					<artifact name="jboss-logging" type="jar" ext="jar" status="successful" details="" size="60539" time="2987" location="/Applications/play-2.2.0/framework/../repository/cache/org.jboss.logging/jboss-logging/jars/jboss-logging-3.1.0.CR2.jar">
						<origin-location is-local="false" location="http://repo1.maven.org/maven2/org/jboss/logging/jboss-logging/3.1.0.CR2/jboss-logging-3.1.0.CR2.jar"/>
					</artifact>
				</artifacts>
			</revision>
		</module>
		<module organisation="javax.validation" name="validation-api">
			<revision name="1.0.0.GA" status="release" pubdate="20100225064311" resolver="public" artresolver="public" homepage="" downloaded="true" searched="true" default="false" conf="compile, master(*), runtime, compile(*), runtime(*), master" position="37">
				<license name="Apache License, Version 2.0" url="license.txt"/>
				<metadata-artifact status="successful" details="" size="4389" time="1162" location="/Applications/play-2.2.0/framework/../repository/cache/javax.validation/validation-api/ivy-1.0.0.GA.xml" searched="true" original-local-location="/Applications/play-2.2.0/framework/../repository/cache/javax.validation/validation-api/ivy-1.0.0.GA.xml.original" origin-is-local="false" origin-location="http://repo1.maven.org/maven2/javax/validation/validation-api/1.0.0.GA/validation-api-1.0.0.GA.pom"/>
				<caller organisation="org.hibernate" name="hibernate-validator" conf="compile, runtime" rev="1.0.0.GA" rev-constraint-default="1.0.0.GA" rev-constraint-dynamic="1.0.0.GA" callerrev="4.3.0.Final"/>
				<artifacts>
					<artifact name="validation-api" type="jar" ext="jar" status="successful" details="" size="47433" time="1516" location="/Applications/play-2.2.0/framework/../repository/cache/javax.validation/validation-api/jars/validation-api-1.0.0.GA.jar">
						<origin-location is-local="false" location="http://repo1.maven.org/maven2/javax/validation/validation-api/1.0.0.GA/validation-api-1.0.0.GA.jar"/>
					</artifact>
				</artifacts>
			</revision>
		</module>
		<module organisation="org.yaml" name="snakeyaml">
			<revision name="1.10" status="release" pubdate="20120213183820" resolver="public" artresolver="public" homepage="http://www.snakeyaml.org" downloaded="true" searched="true" default="false" conf="compile, master(*), runtime, compile(*), runtime(*), master" position="35">
				<license name="Apache License Version 2.0" url="LICENSE.txt"/>
				<metadata-artifact status="successful" details="" size="17102" time="717" location="/Applications/play-2.2.0/framework/../repository/cache/org.yaml/snakeyaml/ivy-1.10.xml" searched="true" original-local-location="/Applications/play-2.2.0/framework/../repository/cache/org.yaml/snakeyaml/ivy-1.10.xml.original" origin-is-local="false" origin-location="http://repo1.maven.org/maven2/org/yaml/snakeyaml/1.10/snakeyaml-1.10.pom"/>
				<caller organisation="play" name="play-java_2.10" conf="compile, runtime" rev="1.10" rev-constraint-default="1.10" rev-constraint-dynamic="1.10" callerrev="2.1.3"/>
				<artifacts>
					<artifact name="snakeyaml" type="bundle" ext="jar" status="successful" details="" size="266959" time="8056" location="/Applications/play-2.2.0/framework/../repository/cache/org.yaml/snakeyaml/bundles/snakeyaml-1.10.jar">
						<origin-location is-local="false" location="http://repo1.maven.org/maven2/org/yaml/snakeyaml/1.10/snakeyaml-1.10.jar"/>
					</artifact>
				</artifacts>
			</revision>
		</module>
		<module organisation="play" name="play_2.10">
			<revision name="2.1.3" status="release" pubdate="20130806135529" resolver="Typesafe Releases Repository" artresolver="Typesafe Releases Repository" homepage="" downloaded="true" searched="true" default="false" conf="default(compile), default, compile, master(*), compile(*), runtime, runtime(*), master" position="1">
				<metadata-artifact status="successful" details="" size="6620" time="905" location="/Applications/play-2.2.0/framework/../repository/cache/play/play_2.10/ivy-2.1.3.xml" searched="true" original-local-location="/Applications/play-2.2.0/framework/../repository/cache/play/play_2.10/ivy-2.1.3.xml.original" origin-is-local="false" origin-location="http://repo.typesafe.com/typesafe/releases/play/play_2.10/2.1.3/play_2.10-2.1.3.pom"/>
				<caller organisation="com.typesafe.play" name="play-slick_2.10" conf="default, compile, runtime, master" rev="2.1.2" rev-constraint-default="2.1.2" rev-constraint-dynamic="2.1.2" callerrev="0.4.0"/>
				<caller organisation="play-scala-backbone-todo" name="play-scala-backbone-todo_2.10" conf="test-internal, test, optional, compile, provided, runtime" rev="2.1.3" rev-constraint-default="2.1.3" rev-constraint-dynamic="2.1.3" callerrev="1.0-SNAPSHOT"/>
				<caller organisation="play" name="play-test_2.10" conf="default, compile, runtime, master" rev="2.1.3" rev-constraint-default="2.1.3" rev-constraint-dynamic="2.1.3" callerrev="2.1.3"/>
				<caller organisation="play" name="play-java_2.10" conf="compile, runtime" rev="2.1.3" rev-constraint-default="2.1.3" rev-constraint-dynamic="2.1.3" callerrev="2.1.3"/>
				<artifacts>
					<artifact name="play_2.10" type="jar" ext="jar" status="successful" details="" size="4700419" time="10539" location="/Applications/play-2.2.0/framework/../repository/cache/play/play_2.10/jars/play_2.10-2.1.3.jar">
						<origin-location is-local="false" location="http://repo.typesafe.com/typesafe/releases/play/play_2.10/2.1.3/play_2.10-2.1.3.jar"/>
					</artifact>
				</artifacts>
			</revision>
			<revision name="2.1.2" evicted="latest-revision" evicted-reason="" downloaded="false" searched="false" conf="compile, master(*), runtime, compile(*), runtime(*), master" position="-1">
				<evicted-by rev="2.1.3"/>
				<caller organisation="com.typesafe.play" name="play-slick_2.10" conf="default, compile, runtime, master" rev="2.1.2" rev-constraint-default="2.1.2" rev-constraint-dynamic="2.1.2" callerrev="0.4.0"/>
				<artifacts>
				</artifacts>
			</revision>
		</module>
		<module organisation="org.fluentlenium" name="fluentlenium-festassert">
			<revision name="0.7.3" status="release" pubdate="20120831181531" resolver="public" artresolver="public" homepage="https://github.com/FluentLenium/FluentLenium" downloaded="true" searched="true" default="false" conf="compile, master(*), runtime, compile(*), runtime(*), master" position="72">
				<license name="Apache 2" url="http://www.apache.org/licenses/LICENSE-2.0.txt"/>
				<metadata-artifact status="successful" details="" size="2321" time="817" location="/Applications/play-2.2.0/framework/../repository/cache/org.fluentlenium/fluentlenium-festassert/ivy-0.7.3.xml" searched="true" original-local-location="/Applications/play-2.2.0/framework/../repository/cache/org.fluentlenium/fluentlenium-festassert/ivy-0.7.3.xml.original" origin-is-local="false" origin-location="http://repo1.maven.org/maven2/org/fluentlenium/fluentlenium-festassert/0.7.3/fluentlenium-festassert-0.7.3.pom"/>
				<caller organisation="play" name="play-test_2.10" conf="default, compile, runtime, master" rev="0.7.3" rev-constraint-default="0.7.3" rev-constraint-dynamic="0.7.3" callerrev="2.1.3"/>
				<artifacts>
					<artifact name="fluentlenium-festassert" type="jar" ext="jar" status="successful" details="" size="12727" time="1088" location="/Applications/play-2.2.0/framework/../repository/cache/org.fluentlenium/fluentlenium-festassert/jars/fluentlenium-festassert-0.7.3.jar">
						<origin-location is-local="false" location="http://repo1.maven.org/maven2/org/fluentlenium/fluentlenium-festassert/0.7.3/fluentlenium-festassert-0.7.3.jar"/>
					</artifact>
				</artifacts>
			</revision>
		</module>
		<module organisation="org.fluentlenium" name="fluentlenium-core">
			<revision name="0.7.3" status="release" pubdate="20120831181459" resolver="public" artresolver="public" homepage="https://github.com/FluentLenium/FluentLenium" downloaded="true" searched="true" default="false" conf="compile, master(*), runtime, compile(*), runtime(*), master" position="73">
				<license name="Apache 2" url="http://www.apache.org/licenses/LICENSE-2.0.txt"/>
				<metadata-artifact status="successful" details="" size="3355" time="537" location="/Applications/play-2.2.0/framework/../repository/cache/org.fluentlenium/fluentlenium-core/ivy-0.7.3.xml" searched="true" original-local-location="/Applications/play-2.2.0/framework/../repository/cache/org.fluentlenium/fluentlenium-core/ivy-0.7.3.xml.original" origin-is-local="false" origin-location="http://repo1.maven.org/maven2/org/fluentlenium/fluentlenium-core/0.7.3/fluentlenium-core-0.7.3.pom"/>
				<caller organisation="org.fluentlenium" name="fluentlenium-festassert" conf="compile, runtime" rev="0.7.3" rev-constraint-default="0.7.3" rev-constraint-dynamic="0.7.3" callerrev="0.7.3"/>
				<artifacts>
					<artifact name="fluentlenium-core" type="jar" ext="jar" status="successful" details="" size="75067" time="453" location="/Applications/play-2.2.0/framework/../repository/cache/org.fluentlenium/fluentlenium-core/jars/fluentlenium-core-0.7.3.jar">
						<origin-location is-local="false" location="http://repo1.maven.org/maven2/org/fluentlenium/fluentlenium-core/0.7.3/fluentlenium-core-0.7.3.jar"/>
					</artifact>
				</artifacts>
			</revision>
		</module>
		<module organisation="org.easytesting" name="fest-assert">
			<revision name="1.4" status="release" pubdate="20120905081140" resolver="sbt-chain" artresolver="sbt-chain" homepage="http://fest.easytesting.org/assert" downloaded="false" searched="false" default="false" conf="compile, master(*), runtime, compile(*), runtime(*), master" position="96">
				<metadata-artifact status="no" details="" size="4251" time="0" location="/Applications/play-2.2.0/framework/../repository/cache/org.easytesting/fest-assert/ivy-1.4.xml" searched="false" origin-is-local="true" origin-location="/Applications/play-2.2.0/repository/local/org.easytesting/fest-assert/1.4/ivys/ivy.xml"/>
				<caller organisation="org.fluentlenium" name="fluentlenium-festassert" conf="compile, runtime" rev="1.4" rev-constraint-default="1.4" rev-constraint-dynamic="1.4" callerrev="0.7.3"/>
				<artifacts>
					<artifact name="fest-assert" type="jar" ext="jar" status="no" details="" size="78451" time="0" location="/Applications/play-2.2.0/repository/local/org.easytesting/fest-assert/1.4/jars/fest-assert.jar">
						<origin-location is-local="true" location="/Applications/play-2.2.0/repository/local/org.easytesting/fest-assert/1.4/jars/fest-assert.jar"/>
					</artifact>
				</artifacts>
			</revision>
		</module>
		<module organisation="org.easytesting" name="fest-util">
			<revision name="1.1.6" status="release" pubdate="20120905081142" resolver="sbt-chain" artresolver="sbt-chain" homepage="http://fest.easytesting.org" downloaded="false" searched="false" default="false" conf="compile, master(*), runtime, compile(*), runtime(*), master" position="97">
				<metadata-artifact status="no" details="" size="3734" time="0" location="/Applications/play-2.2.0/framework/../repository/cache/org.easytesting/fest-util/ivy-1.1.6.xml" searched="false" origin-is-local="true" origin-location="/Applications/play-2.2.0/repository/local/org.easytesting/fest-util/1.1.6/ivys/ivy.xml"/>
				<caller organisation="org.easytesting" name="fest-assert" conf="compile, runtime" rev="1.1.6" rev-constraint-default="1.1.6" rev-constraint-dynamic="1.1.6" callerrev="1.4"/>
				<artifacts>
					<artifact name="fest-util" type="jar" ext="jar" status="no" details="" size="31034" time="0" location="/Applications/play-2.2.0/repository/local/org.easytesting/fest-util/1.1.6/jars/fest-util.jar">
						<origin-location is-local="true" location="/Applications/play-2.2.0/repository/local/org.easytesting/fest-util/1.1.6/jars/fest-util.jar"/>
					</artifact>
				</artifacts>
			</revision>
		</module>
		<module organisation="junit" name="junit-dep">
			<revision name="4.8.2" status="release" pubdate="20101005105031" resolver="public" artresolver="public" homepage="http://junit.org" downloaded="true" searched="true" default="false" conf="compile, master(*), runtime, compile(*), runtime(*), master" position="95">
				<license name="Common Public License Version 1.0" url="http://www.opensource.org/licenses/cpl1.0.txt"/>
				<metadata-artifact status="successful" details="" size="1537" time="419" location="/Applications/play-2.2.0/framework/../repository/cache/junit/junit-dep/ivy-4.8.2.xml" searched="true" original-local-location="/Applications/play-2.2.0/framework/../repository/cache/junit/junit-dep/ivy-4.8.2.xml.original" origin-is-local="false" origin-location="http://repo1.maven.org/maven2/junit/junit-dep/4.8.2/junit-dep-4.8.2.pom"/>
				<caller organisation="com.novocode" name="junit-interface" conf="compile, runtime" rev="4.10" rev-constraint-default="4.10" rev-constraint-dynamic="4.10" callerrev="0.10"/>
				<caller organisation="org.fluentlenium" name="fluentlenium-core" conf="compile, runtime" rev="4.8.2" rev-constraint-default="4.8.2" rev-constraint-dynamic="4.8.2" callerrev="0.7.3"/>
				<caller organisation="play" name="play-test_2.10" conf="compile, runtime" rev="4.8.2" rev-constraint-default="4.8.2" rev-constraint-dynamic="4.10" callerrev="2.1.3"/>
				<artifacts>
					<artifact name="junit-dep" type="jar" ext="jar" status="successful" details="" size="218272" time="1812" location="/Applications/play-2.2.0/framework/../repository/cache/junit/junit-dep/jars/junit-dep-4.8.2.jar">
						<origin-location is-local="false" location="http://repo1.maven.org/maven2/junit/junit-dep/4.8.2/junit-dep-4.8.2.jar"/>
					</artifact>
				</artifacts>
			</revision>
			<revision name="4.10" status="release" pubdate="20110929211235" resolver="sbt-chain" artresolver="sbt-chain" evicted="latest-revision" evicted-reason="" homepage="http://junit.org" downloaded="false" searched="false" default="false" conf="compile, master(*), runtime, compile(*), runtime(*), master" position="-1">
				<license name="Common Public License Version 1.0" url="http://www.opensource.org/licenses/cpl1.0.txt"/>
				<metadata-artifact status="no" details="" size="2773" time="0" location="/Applications/play-2.2.0/framework/../repository/cache/junit/junit-dep/ivy-4.10.xml" searched="false" origin-is-local="false" origin-location="http://repo1.maven.org/maven2/junit/junit-dep/4.10/junit-dep-4.10.pom"/>
				<evicted-by rev="4.8.2"/>
				<caller organisation="com.novocode" name="junit-interface" conf="compile, runtime" rev="4.10" rev-constraint-default="4.10" rev-constraint-dynamic="4.10" callerrev="0.10"/>
				<caller organisation="play" name="play-test_2.10" conf="default, compile, runtime, master" rev="4.10" rev-constraint-default="4.10" rev-constraint-dynamic="4.10" callerrev="2.1.3"/>
				<artifacts>
				</artifacts>
			</revision>
		</module>
		<module organisation="org.seleniumhq.selenium" name="selenium-java">
			<revision name="2.25.0" status="release" pubdate="20120718232033" resolver="public" artresolver="public" homepage="" downloaded="true" searched="true" default="false" conf="compile, master(*), runtime, compile(*), runtime(*), master" position="74">
				<metadata-artifact status="successful" details="" size="6748" time="1546" location="/Applications/play-2.2.0/framework/../repository/cache/org.seleniumhq.selenium/selenium-java/ivy-2.25.0.xml" searched="true" original-local-location="/Applications/play-2.2.0/framework/../repository/cache/org.seleniumhq.selenium/selenium-java/ivy-2.25.0.xml.original" origin-is-local="false" origin-location="http://repo1.maven.org/maven2/org/seleniumhq/selenium/selenium-java/2.25.0/selenium-java-2.25.0.pom"/>
				<caller organisation="org.fluentlenium" name="fluentlenium-core" conf="compile, runtime" rev="2.25.0" rev-constraint-default="2.25.0" rev-constraint-dynamic="2.25.0" callerrev="0.7.3"/>
				<artifacts>
					<artifact name="selenium-java" type="jar" ext="jar" status="successful" details="" size="202083" time="596" location="/Applications/play-2.2.0/framework/../repository/cache/org.seleniumhq.selenium/selenium-java/jars/selenium-java-2.25.0.jar">
						<origin-location is-local="false" location="http://repo1.maven.org/maven2/org/seleniumhq/selenium/selenium-java/2.25.0/selenium-java-2.25.0.jar"/>
					</artifact>
				</artifacts>
			</revision>
		</module>
		<module organisation="org.seleniumhq.selenium" name="selenium-support">
			<revision name="2.25.0" status="release" pubdate="20120718232017" resolver="public" artresolver="public" homepage="" downloaded="true" searched="true" default="false" conf="compile, master(*), runtime, compile(*), runtime(*), master" position="94">
				<metadata-artifact status="successful" details="" size="2450" time="705" location="/Applications/play-2.2.0/framework/../repository/cache/org.seleniumhq.selenium/selenium-support/ivy-2.25.0.xml" searched="true" original-local-location="/Applications/play-2.2.0/framework/../repository/cache/org.seleniumhq.selenium/selenium-support/ivy-2.25.0.xml.original" origin-is-local="false" origin-location="http://repo1.maven.org/maven2/org/seleniumhq/selenium/selenium-support/2.25.0/selenium-support-2.25.0.pom"/>
				<caller organisation="org.seleniumhq.selenium" name="selenium-java" conf="compile, runtime" rev="2.25.0" rev-constraint-default="2.25.0" rev-constraint-dynamic="2.25.0" callerrev="2.25.0"/>
				<artifacts>
					<artifact name="selenium-support" type="jar" ext="jar" status="successful" details="" size="113172" time="704" location="/Applications/play-2.2.0/framework/../repository/cache/org.seleniumhq.selenium/selenium-support/jars/selenium-support-2.25.0.jar">
						<origin-location is-local="false" location="http://repo1.maven.org/maven2/org/seleniumhq/selenium/selenium-support/2.25.0/selenium-support-2.25.0.jar"/>
					</artifact>
				</artifacts>
			</revision>
		</module>
		<module organisation="org.seleniumhq.selenium" name="selenium-safari-driver">
			<revision name="2.25.0" status="release" pubdate="20120718232006" resolver="public" artresolver="public" homepage="" downloaded="true" searched="true" default="false" conf="compile, master(*), runtime, compile(*), runtime(*), master" position="92">
				<metadata-artifact status="successful" details="" size="3148" time="395" location="/Applications/play-2.2.0/framework/../repository/cache/org.seleniumhq.selenium/selenium-safari-driver/ivy-2.25.0.xml" searched="true" original-local-location="/Applications/play-2.2.0/framework/../repository/cache/org.seleniumhq.selenium/selenium-safari-driver/ivy-2.25.0.xml.original" origin-is-local="false" origin-location="http://repo1.maven.org/maven2/org/seleniumhq/selenium/selenium-safari-driver/2.25.0/selenium-safari-driver-2.25.0.pom"/>
				<caller organisation="org.seleniumhq.selenium" name="selenium-java" conf="compile, runtime" rev="2.25.0" rev-constraint-default="2.25.0" rev-constraint-dynamic="2.25.0" callerrev="2.25.0"/>
				<artifacts>
					<artifact name="selenium-safari-driver" type="jar" ext="jar" status="successful" details="" size="15761" time="440" location="/Applications/play-2.2.0/framework/../repository/cache/org.seleniumhq.selenium/selenium-safari-driver/jars/selenium-safari-driver-2.25.0.jar">
						<origin-location is-local="false" location="http://repo1.maven.org/maven2/org/seleniumhq/selenium/selenium-safari-driver/2.25.0/selenium-safari-driver-2.25.0.jar"/>
					</artifact>
				</artifacts>
			</revision>
		</module>
		<module organisation="org.webbitserver" name="webbit">
			<revision name="0.4.6" status="release" pubdate="20120223105921" resolver="public" artresolver="public" homepage="http://webbitserver.org/" downloaded="true" searched="true" default="false" conf="compile, master(*), runtime, compile(*), runtime(*), master" position="93">
				<license name="BSD License" url="http://www.opensource.org/licenses/bsd-license"/>
				<metadata-artifact status="successful" details="" size="5005" time="408" location="/Applications/play-2.2.0/framework/../repository/cache/org.webbitserver/webbit/ivy-0.4.6.xml" searched="true" original-local-location="/Applications/play-2.2.0/framework/../repository/cache/org.webbitserver/webbit/ivy-0.4.6.xml.original" origin-is-local="false" origin-location="http://repo1.maven.org/maven2/org/webbitserver/webbit/0.4.6/webbit-0.4.6.pom"/>
				<caller organisation="org.seleniumhq.selenium" name="selenium-java" conf="compile, runtime" rev="0.4.6" rev-constraint-default="0.4.6" rev-constraint-dynamic="0.4.6" callerrev="2.25.0"/>
				<caller organisation="org.seleniumhq.selenium" name="selenium-safari-driver" conf="compile, runtime" rev="0.4.6" rev-constraint-default="0.4.6" rev-constraint-dynamic="0.4.6" callerrev="2.25.0"/>
				<artifacts>
					<artifact name="webbit" type="jar" ext="jar" status="successful" details="" size="154749" time="1022" location="/Applications/play-2.2.0/framework/../repository/cache/org.webbitserver/webbit/jars/webbit-0.4.6.jar">
						<origin-location is-local="false" location="http://repo1.maven.org/maven2/org/webbitserver/webbit/0.4.6/webbit-0.4.6.jar"/>
					</artifact>
				</artifacts>
			</revision>
		</module>
		<module organisation="org.seleniumhq.selenium" name="selenium-iphone-driver">
			<revision name="2.25.0" status="release" pubdate="20120718231957" resolver="public" artresolver="public" homepage="" downloaded="true" searched="true" default="false" conf="compile, master(*), runtime, compile(*), runtime(*), master" position="91">
				<metadata-artifact status="successful" details="" size="1995" time="404" location="/Applications/play-2.2.0/framework/../repository/cache/org.seleniumhq.selenium/selenium-iphone-driver/ivy-2.25.0.xml" searched="true" original-local-location="/Applications/play-2.2.0/framework/../repository/cache/org.seleniumhq.selenium/selenium-iphone-driver/ivy-2.25.0.xml.original" origin-is-local="false" origin-location="http://repo1.maven.org/maven2/org/seleniumhq/selenium/selenium-iphone-driver/2.25.0/selenium-iphone-driver-2.25.0.pom"/>
				<caller organisation="org.seleniumhq.selenium" name="selenium-java" conf="compile, runtime" rev="2.25.0" rev-constraint-default="2.25.0" rev-constraint-dynamic="2.25.0" callerrev="2.25.0"/>
				<artifacts>
					<artifact name="selenium-iphone-driver" type="jar" ext="jar" status="successful" details="" size="13698" time="464" location="/Applications/play-2.2.0/framework/../repository/cache/org.seleniumhq.selenium/selenium-iphone-driver/jars/selenium-iphone-driver-2.25.0.jar">
						<origin-location is-local="false" location="http://repo1.maven.org/maven2/org/seleniumhq/selenium/selenium-iphone-driver/2.25.0/selenium-iphone-driver-2.25.0.jar"/>
					</artifact>
				</artifacts>
			</revision>
		</module>
		<module organisation="org.seleniumhq.selenium" name="selenium-ie-driver">
			<revision name="2.25.0" status="release" pubdate="20120718231948" resolver="public" artresolver="public" homepage="" downloaded="true" searched="true" default="false" conf="compile, master(*), runtime, compile(*), runtime(*), master" position="90">
				<metadata-artifact status="successful" details="" size="3258" time="1360" location="/Applications/play-2.2.0/framework/../repository/cache/org.seleniumhq.selenium/selenium-ie-driver/ivy-2.25.0.xml" searched="true" original-local-location="/Applications/play-2.2.0/framework/../repository/cache/org.seleniumhq.selenium/selenium-ie-driver/ivy-2.25.0.xml.original" origin-is-local="false" origin-location="http://repo1.maven.org/maven2/org/seleniumhq/selenium/selenium-ie-driver/2.25.0/selenium-ie-driver-2.25.0.pom"/>
				<caller organisation="org.seleniumhq.selenium" name="selenium-java" conf="compile, runtime" rev="2.25.0" rev-constraint-default="2.25.0" rev-constraint-dynamic="2.25.0" callerrev="2.25.0"/>
				<artifacts>
					<artifact name="selenium-ie-driver" type="jar" ext="jar" status="successful" details="" size="1426908" time="3361" location="/Applications/play-2.2.0/framework/../repository/cache/org.seleniumhq.selenium/selenium-ie-driver/jars/selenium-ie-driver-2.25.0.jar">
						<origin-location is-local="false" location="http://repo1.maven.org/maven2/org/seleniumhq/selenium/selenium-ie-driver/2.25.0/selenium-ie-driver-2.25.0.jar"/>
					</artifact>
				</artifacts>
			</revision>
		</module>
		<module organisation="net.java.dev.jna" name="platform">
			<revision name="3.4.0" status="release" pubdate="20120905081117" resolver="sbt-chain" artresolver="sbt-chain" homepage="https://github.com/twall/jna" downloaded="false" searched="false" default="false" conf="compile, master(*), runtime, compile(*), runtime(*), master" position="62">
				<license name="LGPL, version 2.1" url="http://creativecommons.org/licenses/LGPL/2.1/"/>
				<metadata-artifact status="no" details="" size="2458" time="0" location="/Applications/play-2.2.0/framework/../repository/cache/net.java.dev.jna/platform/ivy-3.4.0.xml" searched="false" origin-is-local="true" origin-location="/Applications/play-2.2.0/repository/local/net.java.dev.jna/platform/3.4.0/ivys/ivy.xml"/>
				<caller organisation="org.seleniumhq.selenium" name="selenium-ie-driver" conf="compile, runtime" rev="3.4.0" rev-constraint-default="3.4.0" rev-constraint-dynamic="3.4.0" callerrev="2.25.0"/>
				<caller organisation="org.seleniumhq.selenium" name="selenium-remote-driver" conf="compile, runtime" rev="3.4.0" rev-constraint-default="3.4.0" rev-constraint-dynamic="3.4.0" callerrev="2.33.0"/>
				<artifacts>
					<artifact name="platform" type="jar" ext="jar" status="no" details="" size="913436" time="0" location="/Applications/play-2.2.0/repository/local/net.java.dev.jna/platform/3.4.0/jars/platform.jar">
						<origin-location is-local="true" location="/Applications/play-2.2.0/repository/local/net.java.dev.jna/platform/3.4.0/jars/platform.jar"/>
					</artifact>
				</artifacts>
			</revision>
		</module>
		<module organisation="net.java.dev.jna" name="jna">
			<revision name="3.4.0" status="release" pubdate="20120905075809" resolver="sbt-chain" artresolver="sbt-chain" homepage="https://github.com/twall/jna" downloaded="false" searched="false" default="false" conf="compile, master(*), runtime, compile(*), runtime(*), master" position="61">
				<license name="LGPL, version 2.1" url="http://creativecommons.org/licenses/LGPL/2.1/"/>
				<metadata-artifact status="no" details="" size="2439" time="0" location="/Applications/play-2.2.0/framework/../repository/cache/net.java.dev.jna/jna/ivy-3.4.0.xml" searched="false" origin-is-local="true" origin-location="/Applications/play-2.2.0/repository/local/net.java.dev.jna/jna/3.4.0/ivys/ivy.xml"/>
				<caller organisation="org.seleniumhq.selenium" name="selenium-ie-driver" conf="compile, runtime" rev="3.4.0" rev-constraint-default="3.4.0" rev-constraint-dynamic="3.4.0" callerrev="2.25.0"/>
				<caller organisation="org.seleniumhq.selenium" name="selenium-remote-driver" conf="compile, runtime" rev="3.4.0" rev-constraint-default="3.4.0" rev-constraint-dynamic="3.4.0" callerrev="2.33.0"/>
				<artifacts>
					<artifact name="jna" type="jar" ext="jar" status="no" details="" size="1008730" time="0" location="/Applications/play-2.2.0/repository/local/net.java.dev.jna/jna/3.4.0/jars/jna.jar">
						<origin-location is-local="true" location="/Applications/play-2.2.0/repository/local/net.java.dev.jna/jna/3.4.0/jars/jna.jar"/>
					</artifact>
				</artifacts>
			</revision>
		</module>
		<module organisation="org.seleniumhq.selenium" name="selenium-htmlunit-driver">
			<revision name="2.25.0" status="release" pubdate="20120718231937" resolver="public" artresolver="public" homepage="" downloaded="true" searched="true" default="false" conf="compile, master(*), runtime, compile(*), runtime(*), master" position="77">
				<metadata-artifact status="successful" details="" size="3103" time="780" location="/Applications/play-2.2.0/framework/../repository/cache/org.seleniumhq.selenium/selenium-htmlunit-driver/ivy-2.25.0.xml" searched="true" original-local-location="/Applications/play-2.2.0/framework/../repository/cache/org.seleniumhq.selenium/selenium-htmlunit-driver/ivy-2.25.0.xml.original" origin-is-local="false" origin-location="http://repo1.maven.org/maven2/org/seleniumhq/selenium/selenium-htmlunit-driver/2.25.0/selenium-htmlunit-driver-2.25.0.pom"/>
				<caller organisation="org.seleniumhq.selenium" name="selenium-java" conf="compile, runtime" rev="2.25.0" rev-constraint-default="2.25.0" rev-constraint-dynamic="2.25.0" callerrev="2.25.0"/>
				<artifacts>
					<artifact name="selenium-htmlunit-driver" type="jar" ext="jar" status="successful" details="" size="53368" time="434" location="/Applications/play-2.2.0/framework/../repository/cache/org.seleniumhq.selenium/selenium-htmlunit-driver/jars/selenium-htmlunit-driver-2.25.0.jar">
						<origin-location is-local="false" location="http://repo1.maven.org/maven2/org/seleniumhq/selenium/selenium-htmlunit-driver/2.25.0/selenium-htmlunit-driver-2.25.0.jar"/>
					</artifact>
				</artifacts>
			</revision>
		</module>
		<module organisation="net.sourceforge.htmlunit" name="htmlunit">
			<revision name="2.9" status="release" pubdate="20110809103817" resolver="public" artresolver="public" homepage="http://htmlunit.sourceforge.net" downloaded="true" searched="true" default="false" conf="compile, master(*), runtime, compile(*), runtime(*), master" position="78">
				<license name="Apache License, Version 2.0" url="http://www.apache.org/licenses/LICENSE-2.0.txt"/>
				<metadata-artifact status="successful" details="" size="32614" time="968" location="/Applications/play-2.2.0/framework/../repository/cache/net.sourceforge.htmlunit/htmlunit/ivy-2.9.xml" searched="true" original-local-location="/Applications/play-2.2.0/framework/../repository/cache/net.sourceforge.htmlunit/htmlunit/ivy-2.9.xml.original" origin-is-local="false" origin-location="http://repo1.maven.org/maven2/net/sourceforge/htmlunit/htmlunit/2.9/htmlunit-2.9.pom"/>
				<caller organisation="org.seleniumhq.selenium" name="selenium-htmlunit-driver" conf="compile, runtime" rev="2.9" rev-constraint-default="2.9" rev-constraint-dynamic="2.9" callerrev="2.25.0"/>
				<artifacts>
					<artifact name="htmlunit" type="jar" ext="jar" status="successful" details="" size="1003510" time="2399" location="/Applications/play-2.2.0/framework/../repository/cache/net.sourceforge.htmlunit/htmlunit/jars/htmlunit-2.9.jar">
						<origin-location is-local="false" location="http://repo1.maven.org/maven2/net/sourceforge/htmlunit/htmlunit/2.9/htmlunit-2.9.jar"/>
					</artifact>
				</artifacts>
			</revision>
		</module>
		<module organisation="net.sourceforge.cssparser" name="cssparser">
			<revision name="0.9.5" status="release" pubdate="20080327224902" resolver="public" artresolver="public" homepage="http://cssparser.sourceforge.net/" downloaded="true" searched="true" default="false" conf="compile, master(*), runtime, compile(*), runtime(*), master" position="88">
				<license name="GNU Lesser General Public License" url="http://www.gnu.org/licenses/lgpl.txt"/>
				<metadata-artifact status="successful" details="" size="3553" time="721" location="/Applications/play-2.2.0/framework/../repository/cache/net.sourceforge.cssparser/cssparser/ivy-0.9.5.xml" searched="true" original-local-location="/Applications/play-2.2.0/framework/../repository/cache/net.sourceforge.cssparser/cssparser/ivy-0.9.5.xml.original" origin-is-local="false" origin-location="http://repo1.maven.org/maven2/net/sourceforge/cssparser/cssparser/0.9.5/cssparser-0.9.5.pom"/>
				<caller organisation="net.sourceforge.htmlunit" name="htmlunit" conf="compile, runtime" rev="0.9.5" rev-constraint-default="0.9.5" rev-constraint-dynamic="0.9.5" callerrev="2.9"/>
				<artifacts>
					<artifact name="cssparser" type="jar" ext="jar" status="successful" details="" size="253950" time="670" location="/Applications/play-2.2.0/framework/../repository/cache/net.sourceforge.cssparser/cssparser/jars/cssparser-0.9.5.jar">
						<origin-location is-local="false" location="http://repo1.maven.org/maven2/net/sourceforge/cssparser/cssparser/0.9.5/cssparser-0.9.5.jar"/>
					</artifact>
				</artifacts>
			</revision>
		</module>
		<module organisation="org.w3c.css" name="sac">
			<revision name="1.3" status="release" pubdate="20120905081137" resolver="sbt-chain" artresolver="sbt-chain" homepage="http://www.w3.org/Style/CSS/SAC/" downloaded="false" searched="false" default="false" conf="compile, master(*), runtime, compile(*), runtime(*), master" position="89">
				<license name="The W3C Software License" url="http://www.w3.org/Consortium/Legal/copyright-software-19980720"/>
				<metadata-artifact status="no" details="" size="2374" time="0" location="/Applications/play-2.2.0/framework/../repository/cache/org.w3c.css/sac/ivy-1.3.xml" searched="false" origin-is-local="true" origin-location="/Applications/play-2.2.0/repository/local/org.w3c.css/sac/1.3/ivys/ivy.xml"/>
				<caller organisation="net.sourceforge.cssparser" name="cssparser" conf="compile, runtime" rev="1.3" rev-constraint-default="1.3" rev-constraint-dynamic="1.3" callerrev="0.9.5"/>
				<artifacts>
					<artifact name="sac" type="jar" ext="jar" status="no" details="" size="15808" time="0" location="/Applications/play-2.2.0/repository/local/org.w3c.css/sac/1.3/jars/sac.jar">
						<origin-location is-local="true" location="/Applications/play-2.2.0/repository/local/org.w3c.css/sac/1.3/jars/sac.jar"/>
					</artifact>
				</artifacts>
			</revision>
		</module>
		<module organisation="net.sourceforge.nekohtml" name="nekohtml">
			<revision name="1.9.15" status="release" pubdate="20110803161328" resolver="public" artresolver="public" homepage="http://nekohtml.sourceforge.net/" downloaded="true" searched="true" default="false" conf="compile, master(*), runtime, compile(*), runtime(*), master" position="87">
				<license name="The Apache Software License, Version 2.0" url="http://www.apache.org/licenses/LICENSE-2.0.txt"/>
				<metadata-artifact status="successful" details="" size="1768" time="2300" location="/Applications/play-2.2.0/framework/../repository/cache/net.sourceforge.nekohtml/nekohtml/ivy-1.9.15.xml" searched="true" original-local-location="/Applications/play-2.2.0/framework/../repository/cache/net.sourceforge.nekohtml/nekohtml/ivy-1.9.15.xml.original" origin-is-local="false" origin-location="http://repo1.maven.org/maven2/net/sourceforge/nekohtml/nekohtml/1.9.15/nekohtml-1.9.15.pom"/>
				<caller organisation="net.sourceforge.htmlunit" name="htmlunit" conf="compile, runtime" rev="1.9.15" rev-constraint-default="1.9.15" rev-constraint-dynamic="1.9.15" callerrev="2.9"/>
				<artifacts>
					<artifact name="nekohtml" type="jar" ext="jar" status="successful" details="" size="149271" time="535" location="/Applications/play-2.2.0/framework/../repository/cache/net.sourceforge.nekohtml/nekohtml/jars/nekohtml-1.9.15.jar">
						<origin-location is-local="false" location="http://repo1.maven.org/maven2/net/sourceforge/nekohtml/nekohtml/1.9.15/nekohtml-1.9.15.jar"/>
					</artifact>
				</artifacts>
			</revision>
		</module>
		<module organisation="xerces" name="xercesImpl">
			<revision name="2.9.1" status="release" pubdate="20081002001919" resolver="public" artresolver="public" homepage="http://xerces.apache.org/xerces2-j" downloaded="true" searched="true" default="false" conf="compile, master(*), runtime, compile(*), runtime(*), master" position="86">
				<metadata-artifact status="successful" details="" size="1363" time="397" location="/Applications/play-2.2.0/framework/../repository/cache/xerces/xercesImpl/ivy-2.9.1.xml" searched="true" original-local-location="/Applications/play-2.2.0/framework/../repository/cache/xerces/xercesImpl/ivy-2.9.1.xml.original" origin-is-local="false" origin-location="http://repo1.maven.org/maven2/xerces/xercesImpl/2.9.1/xercesImpl-2.9.1.pom"/>
				<caller organisation="net.sourceforge.htmlunit" name="htmlunit" conf="compile, runtime" rev="2.9.1" rev-constraint-default="2.9.1" rev-constraint-dynamic="2.9.1" callerrev="2.9"/>
				<artifacts>
					<artifact name="xercesImpl" type="jar" ext="jar" status="successful" details="" size="1229125" time="1773" location="/Applications/play-2.2.0/framework/../repository/cache/xerces/xercesImpl/jars/xercesImpl-2.9.1.jar">
						<origin-location is-local="false" location="http://repo1.maven.org/maven2/xerces/xercesImpl/2.9.1/xercesImpl-2.9.1.jar"/>
					</artifact>
				</artifacts>
			</revision>
		</module>
		<module organisation="net.sourceforge.htmlunit" name="htmlunit-core-js">
			<revision name="2.9" status="release" pubdate="20110808095104" resolver="public" artresolver="public" homepage="http://htmlunit.sourceforge.net" downloaded="true" searched="true" default="false" conf="compile, master(*), runtime, compile(*), runtime(*), master" position="85">
				<license name="Mozilla Public License version 1.1" url="http://www.mozilla.org/MPL/MPL-1.1.html"/>
				<metadata-artifact status="successful" details="" size="2064" time="417" location="/Applications/play-2.2.0/framework/../repository/cache/net.sourceforge.htmlunit/htmlunit-core-js/ivy-2.9.xml" searched="true" original-local-location="/Applications/play-2.2.0/framework/../repository/cache/net.sourceforge.htmlunit/htmlunit-core-js/ivy-2.9.xml.original" origin-is-local="false" origin-location="http://repo1.maven.org/maven2/net/sourceforge/htmlunit/htmlunit-core-js/2.9/htmlunit-core-js-2.9.pom"/>
				<caller organisation="net.sourceforge.htmlunit" name="htmlunit" conf="compile, runtime" rev="2.9" rev-constraint-default="2.9" rev-constraint-dynamic="2.9" callerrev="2.9"/>
				<artifacts>
					<artifact name="htmlunit-core-js" type="jar" ext="jar" status="successful" details="" size="975187" time="1879" location="/Applications/play-2.2.0/framework/../repository/cache/net.sourceforge.htmlunit/htmlunit-core-js/jars/htmlunit-core-js-2.9.jar">
						<origin-location is-local="false" location="http://repo1.maven.org/maven2/net/sourceforge/htmlunit/htmlunit-core-js/2.9/htmlunit-core-js-2.9.jar"/>
					</artifact>
				</artifacts>
			</revision>
		</module>
		<module organisation="org.apache.httpcomponents" name="httpmime">
			<revision name="4.1.2" status="release" pubdate="20110730000218" resolver="public" artresolver="public" homepage="http://hc.apache.org/httpcomponents-client" downloaded="true" searched="true" default="false" conf="compile, master(*), runtime, compile(*), runtime(*), master" position="84">
				<metadata-artifact status="successful" details="" size="5368" time="457" location="/Applications/play-2.2.0/framework/../repository/cache/org.apache.httpcomponents/httpmime/ivy-4.1.2.xml" searched="true" original-local-location="/Applications/play-2.2.0/framework/../repository/cache/org.apache.httpcomponents/httpmime/ivy-4.1.2.xml.original" origin-is-local="false" origin-location="http://repo1.maven.org/maven2/org/apache/httpcomponents/httpmime/4.1.2/httpmime-4.1.2.pom"/>
				<caller organisation="net.sourceforge.htmlunit" name="htmlunit" conf="compile, runtime" rev="4.1.2" rev-constraint-default="4.1.2" rev-constraint-dynamic="4.1.2" callerrev="2.9"/>
				<artifacts>
					<artifact name="httpmime" type="jar" ext="jar" status="successful" details="" size="26890" time="707" location="/Applications/play-2.2.0/framework/../repository/cache/org.apache.httpcomponents/httpmime/jars/httpmime-4.1.2.jar">
						<origin-location is-local="false" location="http://repo1.maven.org/maven2/org/apache/httpcomponents/httpmime/4.1.2/httpmime-4.1.2.jar"/>
					</artifact>
				</artifacts>
			</revision>
		</module>
		<module organisation="commons-lang" name="commons-lang">
			<revision name="2.6" status="release" pubdate="20110116232147" resolver="public" artresolver="public" homepage="http://commons.apache.org/lang/" downloaded="true" searched="true" default="false" conf="compile, master(*), runtime, compile(*), runtime(*), master" position="83">
				<metadata-artifact status="successful" details="" size="17494" time="789" location="/Applications/play-2.2.0/framework/../repository/cache/commons-lang/commons-lang/ivy-2.6.xml" searched="true" original-local-location="/Applications/play-2.2.0/framework/../repository/cache/commons-lang/commons-lang/ivy-2.6.xml.original" origin-is-local="false" origin-location="http://repo1.maven.org/maven2/commons-lang/commons-lang/2.6/commons-lang-2.6.pom"/>
				<caller organisation="net.sourceforge.htmlunit" name="htmlunit" conf="compile, runtime" rev="2.6" rev-constraint-default="2.6" rev-constraint-dynamic="2.6" callerrev="2.9"/>
				<artifacts>
					<artifact name="commons-lang" type="jar" ext="jar" status="successful" details="" size="284220" time="878" location="/Applications/play-2.2.0/framework/../repository/cache/commons-lang/commons-lang/jars/commons-lang-2.6.jar">
						<origin-location is-local="false" location="http://repo1.maven.org/maven2/commons-lang/commons-lang/2.6/commons-lang-2.6.jar"/>
					</artifact>
				</artifacts>
			</revision>
		</module>
		<module organisation="commons-collections" name="commons-collections">
			<revision name="3.2.1" status="release" pubdate="20120905081125" resolver="sbt-chain" artresolver="sbt-chain" homepage="http://commons.apache.org/collections/" downloaded="false" searched="false" default="false" conf="compile, master(*), runtime, compile(*), runtime(*), master" position="82">
				<metadata-artifact status="no" details="" size="4574" time="0" location="/Applications/play-2.2.0/framework/../repository/cache/commons-collections/commons-collections/ivy-3.2.1.xml" searched="false" origin-is-local="true" origin-location="/Applications/play-2.2.0/repository/local/commons-collections/commons-collections/3.2.1/ivys/ivy.xml"/>
				<caller organisation="net.sourceforge.htmlunit" name="htmlunit" conf="compile, runtime" rev="3.2.1" rev-constraint-default="3.2.1" rev-constraint-dynamic="3.2.1" callerrev="2.9"/>
				<artifacts>
					<artifact name="commons-collections" type="jar" ext="jar" status="no" details="" size="575389" time="0" location="/Applications/play-2.2.0/repository/local/commons-collections/commons-collections/3.2.1/jars/commons-collections.jar">
						<origin-location is-local="true" location="/Applications/play-2.2.0/repository/local/commons-collections/commons-collections/3.2.1/jars/commons-collections.jar"/>
					</artifact>
				</artifacts>
			</revision>
		</module>
		<module organisation="xalan" name="xalan">
			<revision name="2.7.1" status="release" pubdate="20120905081121" resolver="sbt-chain" artresolver="sbt-chain" homepage="http://xml.apache.org/xalan-j/" downloaded="false" searched="false" default="false" conf="compile, master(*), runtime, compile(*), runtime(*), master" position="79">
				<metadata-artifact status="no" details="" size="2915" time="0" location="/Applications/play-2.2.0/framework/../repository/cache/xalan/xalan/ivy-2.7.1.xml" searched="false" origin-is-local="true" origin-location="/Applications/play-2.2.0/repository/local/xalan/xalan/2.7.1/ivys/ivy.xml"/>
				<caller organisation="net.sourceforge.htmlunit" name="htmlunit" conf="compile, runtime" rev="2.7.1" rev-constraint-default="2.7.1" rev-constraint-dynamic="2.7.1" callerrev="2.9"/>
				<artifacts>
					<artifact name="xalan" type="jar" ext="jar" status="no" details="" size="3176148" time="0" location="/Applications/play-2.2.0/repository/local/xalan/xalan/2.7.1/jars/xalan.jar">
						<origin-location is-local="true" location="/Applications/play-2.2.0/repository/local/xalan/xalan/2.7.1/jars/xalan.jar"/>
					</artifact>
				</artifacts>
			</revision>
		</module>
		<module organisation="xalan" name="serializer">
			<revision name="2.7.1" status="release" pubdate="20120905081121" resolver="sbt-chain" artresolver="sbt-chain" homepage="http://xml.apache.org/xalan-j/" downloaded="false" searched="false" default="false" conf="compile, master(*), runtime, compile(*), runtime(*), master" position="80">
				<metadata-artifact status="no" details="" size="2725" time="0" location="/Applications/play-2.2.0/framework/../repository/cache/xalan/serializer/ivy-2.7.1.xml" searched="false" origin-is-local="true" origin-location="/Applications/play-2.2.0/repository/local/xalan/serializer/2.7.1/ivys/ivy.xml"/>
				<caller organisation="xalan" name="xalan" conf="compile, runtime" rev="2.7.1" rev-constraint-default="2.7.1" rev-constraint-dynamic="2.7.1" callerrev="2.7.1"/>
				<artifacts>
					<artifact name="serializer" type="jar" ext="jar" status="no" details="" size="278281" time="0" location="/Applications/play-2.2.0/repository/local/xalan/serializer/2.7.1/jars/serializer.jar">
						<origin-location is-local="true" location="/Applications/play-2.2.0/repository/local/xalan/serializer/2.7.1/jars/serializer.jar"/>
					</artifact>
				</artifacts>
			</revision>
		</module>
		<module organisation="xml-apis" name="xml-apis">
			<revision name="1.3.04" status="release" pubdate="20061222143752" resolver="public" artresolver="public" homepage="http://xml.apache.org/commons/components/external/" downloaded="true" searched="true" default="false" conf="compile, master(*), runtime, compile(*), runtime(*), master" position="81">
				<metadata-artifact status="successful" details="" size="1822" time="942" location="/Applications/play-2.2.0/framework/../repository/cache/xml-apis/xml-apis/ivy-1.3.04.xml" searched="true" original-local-location="/Applications/play-2.2.0/framework/../repository/cache/xml-apis/xml-apis/ivy-1.3.04.xml.original" origin-is-local="false" origin-location="http://repo1.maven.org/maven2/xml-apis/xml-apis/1.3.04/xml-apis-1.3.04.pom"/>
				<caller organisation="dom4j" name="dom4j" conf="compile, runtime" rev="1.0.b2" rev-constraint-default="1.0.b2" rev-constraint-dynamic="1.0.b2" callerrev="1.6.1"/>
				<caller organisation="xerces" name="xercesImpl" conf="compile, runtime" rev="1.3.04" rev-constraint-default="1.3.04" rev-constraint-dynamic="1.3.04" callerrev="2.9.1"/>
				<caller organisation="xalan" name="serializer" conf="compile, runtime" rev="1.3.04" rev-constraint-default="1.3.04" rev-constraint-dynamic="1.3.04" callerrev="2.7.1"/>
				<artifacts>
					<artifact name="xml-apis" type="jar" ext="jar" status="successful" details="" size="194354" time="596" location="/Applications/play-2.2.0/framework/../repository/cache/xml-apis/xml-apis/jars/xml-apis-1.3.04.jar">
						<origin-location is-local="false" location="http://repo1.maven.org/maven2/xml-apis/xml-apis/1.3.04/xml-apis-1.3.04.jar"/>
					</artifact>
				</artifacts>
			</revision>
			<revision name="1.0.b2" status="release" pubdate="20070209013046" resolver="public" artresolver="public" evicted="latest-revision" evicted-reason="" homepage="http://xml.apache.org/commons/#external" downloaded="true" searched="true" default="false" conf="compile, master(*), runtime, compile(*), runtime(*), master" position="-1">
				<license name="The Apache Software License, Version 2.0" url="http://www.apache.org/licenses/LICENSE-2.0.txt"/>
				<metadata-artifact status="successful" details="" size="2249" time="415" location="/Applications/play-2.2.0/framework/../repository/cache/xml-apis/xml-apis/ivy-1.0.b2.xml" searched="true" original-local-location="/Applications/play-2.2.0/framework/../repository/cache/xml-apis/xml-apis/ivy-1.0.b2.xml.original" origin-is-local="false" origin-location="http://repo1.maven.org/maven2/xml-apis/xml-apis/1.0.b2/xml-apis-1.0.b2.pom"/>
				<evicted-by rev="1.3.04"/>
				<caller organisation="dom4j" name="dom4j" conf="compile, runtime" rev="1.0.b2" rev-constraint-default="1.0.b2" rev-constraint-dynamic="1.0.b2" callerrev="1.6.1"/>
				<artifacts>
				</artifacts>
			</revision>
		</module>
		<module organisation="org.seleniumhq.selenium" name="selenium-chrome-driver">
			<revision name="2.25.0" status="release" pubdate="20120718231914" resolver="public" artresolver="public" homepage="" downloaded="true" searched="true" default="false" conf="compile, master(*), runtime, compile(*), runtime(*), master" position="76">
				<metadata-artifact status="successful" details="" size="2945" time="710" location="/Applications/play-2.2.0/framework/../repository/cache/org.seleniumhq.selenium/selenium-chrome-driver/ivy-2.25.0.xml" searched="true" original-local-location="/Applications/play-2.2.0/framework/../repository/cache/org.seleniumhq.selenium/selenium-chrome-driver/ivy-2.25.0.xml.original" origin-is-local="false" origin-location="http://repo1.maven.org/maven2/org/seleniumhq/selenium/selenium-chrome-driver/2.25.0/selenium-chrome-driver-2.25.0.pom"/>
				<caller organisation="org.seleniumhq.selenium" name="selenium-java" conf="compile, runtime" rev="2.25.0" rev-constraint-default="2.25.0" rev-constraint-dynamic="2.25.0" callerrev="2.25.0"/>
				<artifacts>
					<artifact name="selenium-chrome-driver" type="jar" ext="jar" status="successful" details="" size="11094" time="771" location="/Applications/play-2.2.0/framework/../repository/cache/org.seleniumhq.selenium/selenium-chrome-driver/jars/selenium-chrome-driver-2.25.0.jar">
						<origin-location is-local="false" location="http://repo1.maven.org/maven2/org/seleniumhq/selenium/selenium-chrome-driver/2.25.0/selenium-chrome-driver-2.25.0.jar"/>
					</artifact>
				</artifacts>
			</revision>
		</module>
		<module organisation="org.seleniumhq.selenium" name="selenium-android-driver">
			<revision name="2.25.0" status="release" pubdate="20120718231905" resolver="public" artresolver="public" homepage="" downloaded="true" searched="true" default="false" conf="compile, master(*), runtime, compile(*), runtime(*), master" position="75">
				<metadata-artifact status="successful" details="" size="2217" time="407" location="/Applications/play-2.2.0/framework/../repository/cache/org.seleniumhq.selenium/selenium-android-driver/ivy-2.25.0.xml" searched="true" original-local-location="/Applications/play-2.2.0/framework/../repository/cache/org.seleniumhq.selenium/selenium-android-driver/ivy-2.25.0.xml.original" origin-is-local="false" origin-location="http://repo1.maven.org/maven2/org/seleniumhq/selenium/selenium-android-driver/2.25.0/selenium-android-driver-2.25.0.pom"/>
				<caller organisation="org.seleniumhq.selenium" name="selenium-java" conf="compile, runtime" rev="2.25.0" rev-constraint-default="2.25.0" rev-constraint-dynamic="2.25.0" callerrev="2.25.0"/>
				<artifacts>
					<artifact name="selenium-android-driver" type="jar" ext="jar" status="successful" details="" size="300963" time="963" location="/Applications/play-2.2.0/framework/../repository/cache/org.seleniumhq.selenium/selenium-android-driver/jars/selenium-android-driver-2.25.0.jar">
						<origin-location is-local="false" location="http://repo1.maven.org/maven2/org/seleniumhq/selenium/selenium-android-driver/2.25.0/selenium-android-driver-2.25.0.jar"/>
					</artifact>
				</artifacts>
			</revision>
		</module>
		<module organisation="com.novocode" name="junit-interface">
			<revision name="0.10" status="release" pubdate="20130731000827" resolver="sbt-chain" artresolver="sbt-chain" homepage="http://github.com/szeiger/junit-interface/" downloaded="false" searched="false" default="false" conf="compile, master(*), runtime, compile(*), runtime(*), master" position="70">
				<license name="Two-clause BSD-style license" url="http://github.com/szeiger/junit-interface/blob/master/LICENSE.txt"/>
				<metadata-artifact status="no" details="" size="2738" time="0" location="/Applications/play-2.2.0/framework/../repository/cache/com.novocode/junit-interface/ivy-0.10.xml" searched="false" origin-is-local="true" origin-location="/Applications/play-2.2.0/repository/local/com.novocode/junit-interface/0.10/ivys/ivy.xml"/>
				<caller organisation="play" name="play-test_2.10" conf="default, compile, runtime, master" rev="0.10" rev-constraint-default="0.10" rev-constraint-dynamic="0.10" callerrev="2.1.3"/>
				<artifacts>
					<artifact name="junit-interface" type="jar" ext="jar" status="no" details="" size="22633" time="0" location="/Applications/play-2.2.0/repository/local/com.novocode/junit-interface/0.10/jars/junit-interface.jar">
						<origin-location is-local="true" location="/Applications/play-2.2.0/repository/local/com.novocode/junit-interface/0.10/jars/junit-interface.jar"/>
					</artifact>
				</artifacts>
			</revision>
		</module>
		<module organisation="org.hamcrest" name="hamcrest-core">
			<revision name="1.1" status="release" pubdate="20070718211143" resolver="sbt-chain" artresolver="sbt-chain" homepage="" downloaded="false" searched="false" default="false" conf="compile, master(*), runtime, compile(*), runtime(*), master" position="65">
				<metadata-artifact status="no" details="" size="4321" time="0" location="/Applications/play-2.2.0/framework/../repository/cache/org.hamcrest/hamcrest-core/ivy-1.1.xml" searched="false" origin-is-local="false" origin-location="http://repo1.maven.org/maven2/org/hamcrest/hamcrest-core/1.1/hamcrest-core-1.1.pom"/>
				<caller organisation="junit" name="junit-dep" conf="compile, runtime" rev="1.1" rev-constraint-default="1.1" rev-constraint-dynamic="1.1" callerrev="4.8.2"/>
				<caller organisation="junit" name="junit-dep" conf="compile" rev="1.1" rev-constraint-default="1.1" rev-constraint-dynamic="1.1" callerrev="4.10"/>
				<artifacts>
					<artifact name="hamcrest-core" type="jar" ext="jar" status="successful" details="" size="76643" time="681" location="/Applications/play-2.2.0/framework/../repository/cache/org.hamcrest/hamcrest-core/jars/hamcrest-core-1.1.jar">
						<origin-location is-local="false" location="http://repo1.maven.org/maven2/org/hamcrest/hamcrest-core/1.1/hamcrest-core-1.1.jar"/>
					</artifact>
				</artifacts>
			</revision>
		</module>
		<module organisation="net.sf.ehcache" name="ehcache-core">
			<revision name="2.6.0" status="release" pubdate="20120724165024" resolver="public" artresolver="public" homepage="http://ehcache.org" downloaded="true" searched="true" default="false" conf="compile, master(*), runtime, compile(*), runtime(*), master" position="30">
				<license name="The Apache Software License, Version 2.0" url="src/assemble/EHCACHE-CORE-LICENSE.txt"/>
				<metadata-artifact status="successful" details="" size="28816" time="815" location="/Applications/play-2.2.0/framework/../repository/cache/net.sf.ehcache/ehcache-core/ivy-2.6.0.xml" searched="true" original-local-location="/Applications/play-2.2.0/framework/../repository/cache/net.sf.ehcache/ehcache-core/ivy-2.6.0.xml.original" origin-is-local="false" origin-location="http://repo1.maven.org/maven2/net/sf/ehcache/ehcache-core/2.6.0/ehcache-core-2.6.0.pom"/>
				<caller organisation="play" name="play_2.10" conf="default, compile, runtime, master" rev="2.6.0" rev-constraint-default="2.6.0" rev-constraint-dynamic="2.6.0" callerrev="2.1.3"/>
				<artifacts>
					<artifact name="ehcache-core" type="jar" ext="jar" status="successful" details="" size="1332004" time="36434" location="/Applications/play-2.2.0/framework/../repository/cache/net.sf.ehcache/ehcache-core/jars/ehcache-core-2.6.0.jar">
						<origin-location is-local="false" location="http://repo1.maven.org/maven2/net/sf/ehcache/ehcache-core/2.6.0/ehcache-core-2.6.0.jar"/>
					</artifact>
				</artifacts>
			</revision>
		</module>
		<module organisation="org.codehaus.jackson" name="jackson-mapper-asl">
			<revision name="1.9.10" status="release" pubdate="20120924045612" resolver="public" artresolver="public" homepage="http://jackson.codehaus.org" downloaded="true" searched="true" default="false" conf="compile, master(*), runtime, compile(*), runtime(*), master" position="29">
				<license name="The Apache Software License, Version 2.0" url="http://www.apache.org/licenses/LICENSE-2.0.txt"/>
				<metadata-artifact status="successful" details="" size="1244" time="743" location="/Applications/play-2.2.0/framework/../repository/cache/org.codehaus.jackson/jackson-mapper-asl/ivy-1.9.10.xml" searched="true" original-local-location="/Applications/play-2.2.0/framework/../repository/cache/org.codehaus.jackson/jackson-mapper-asl/ivy-1.9.10.xml.original" origin-is-local="false" origin-location="http://repo1.maven.org/maven2/org/codehaus/jackson/jackson-mapper-asl/1.9.10/jackson-mapper-asl-1.9.10.pom"/>
				<caller organisation="play" name="play_2.10" conf="default, compile, runtime, master" rev="1.9.10" rev-constraint-default="1.9.10" rev-constraint-dynamic="1.9.10" callerrev="2.1.3"/>
				<artifacts>
					<artifact name="jackson-mapper-asl" type="jar" ext="jar" status="successful" details="" size="780421" time="25069" location="/Applications/play-2.2.0/framework/../repository/cache/org.codehaus.jackson/jackson-mapper-asl/jars/jackson-mapper-asl-1.9.10.jar">
						<origin-location is-local="false" location="http://repo1.maven.org/maven2/org/codehaus/jackson/jackson-mapper-asl/1.9.10/jackson-mapper-asl-1.9.10.jar"/>
					</artifact>
				</artifacts>
			</revision>
		</module>
		<module organisation="org.codehaus.jackson" name="jackson-core-asl">
			<revision name="1.9.10" status="release" pubdate="20120924045540" resolver="public" artresolver="public" homepage="http://jackson.codehaus.org" downloaded="true" searched="true" default="false" conf="compile, master(*), runtime, compile(*), runtime(*), master" position="28">
				<license name="The Apache Software License, Version 2.0" url="http://www.apache.org/licenses/LICENSE-2.0.txt"/>
				<metadata-artifact status="successful" details="" size="1017" time="404" location="/Applications/play-2.2.0/framework/../repository/cache/org.codehaus.jackson/jackson-core-asl/ivy-1.9.10.xml" searched="true" original-local-location="/Applications/play-2.2.0/framework/../repository/cache/org.codehaus.jackson/jackson-core-asl/ivy-1.9.10.xml.original" origin-is-local="false" origin-location="http://repo1.maven.org/maven2/org/codehaus/jackson/jackson-core-asl/1.9.10/jackson-core-asl-1.9.10.pom"/>
				<caller organisation="play" name="play_2.10" conf="default, compile, runtime, master" rev="1.9.10" rev-constraint-default="1.9.10" rev-constraint-dynamic="1.9.10" callerrev="2.1.3"/>
				<caller organisation="org.codehaus.jackson" name="jackson-mapper-asl" conf="compile, runtime" rev="1.9.10" rev-constraint-default="1.9.10" rev-constraint-dynamic="1.9.10" callerrev="1.9.10"/>
				<artifacts>
					<artifact name="jackson-core-asl" type="jar" ext="jar" status="successful" details="" size="232119" time="4263" location="/Applications/play-2.2.0/framework/../repository/cache/org.codehaus.jackson/jackson-core-asl/jars/jackson-core-asl-1.9.10.jar">
						<origin-location is-local="false" location="http://repo1.maven.org/maven2/org/codehaus/jackson/jackson-core-asl/1.9.10/jackson-core-asl-1.9.10.jar"/>
					</artifact>
				</artifacts>
			</revision>
		</module>
		<module organisation="oauth.signpost" name="signpost-commonshttp4">
			<revision name="1.2.1.2" status="release" pubdate="20120906233210" resolver="sbt-chain" artresolver="sbt-chain" homepage="" downloaded="false" searched="false" default="false" conf="compile, master(*), runtime, compile(*), runtime(*), master" position="26">
				<metadata-artifact status="no" details="" size="3703" time="0" location="/Applications/play-2.2.0/framework/../repository/cache/oauth.signpost/signpost-commonshttp4/ivy-1.2.1.2.xml" searched="false" origin-is-local="true" origin-location="/Applications/play-2.2.0/repository/local/oauth.signpost/signpost-commonshttp4/1.2.1.2/ivys/ivy.xml"/>
				<caller organisation="play" name="play_2.10" conf="default, compile, runtime, master" rev="1.2.1.2" rev-constraint-default="1.2.1.2" rev-constraint-dynamic="1.2.1.2" callerrev="2.1.3"/>
				<artifacts>
					<artifact name="signpost-commonshttp4" type="jar" ext="jar" status="no" details="" size="6512" time="0" location="/Applications/play-2.2.0/repository/local/oauth.signpost/signpost-commonshttp4/1.2.1.2/jars/signpost-commonshttp4.jar">
						<origin-location is-local="true" location="/Applications/play-2.2.0/repository/local/oauth.signpost/signpost-commonshttp4/1.2.1.2/jars/signpost-commonshttp4.jar"/>
					</artifact>
				</artifacts>
			</revision>
		</module>
		<module organisation="oauth.signpost" name="signpost-core">
			<revision name="1.2.1.2" status="release" pubdate="20120906233203" resolver="sbt-chain" artresolver="sbt-chain" homepage="" downloaded="false" searched="false" default="false" conf="compile, master(*), runtime, compile(*), runtime(*), master" position="25">
				<metadata-artifact status="no" details="" size="3129" time="0" location="/Applications/play-2.2.0/framework/../repository/cache/oauth.signpost/signpost-core/ivy-1.2.1.2.xml" searched="false" origin-is-local="true" origin-location="/Applications/play-2.2.0/repository/local/oauth.signpost/signpost-core/1.2.1.2/ivys/ivy.xml"/>
				<caller organisation="play" name="play_2.10" conf="default, compile, runtime, master" rev="1.2.1.2" rev-constraint-default="1.2.1.2" rev-constraint-dynamic="1.2.1.2" callerrev="2.1.3"/>
				<caller organisation="oauth.signpost" name="signpost-commonshttp4" conf="compile, runtime" rev="1.2.1.2" rev-constraint-default="1.2.1.2" rev-constraint-dynamic="1.2.1.2" callerrev="1.2.1.2"/>
				<artifacts>
					<artifact name="signpost-core" type="jar" ext="jar" status="no" details="" size="45277" time="0" location="/Applications/play-2.2.0/repository/local/oauth.signpost/signpost-core/1.2.1.2/jars/signpost-core.jar">
						<origin-location is-local="true" location="/Applications/play-2.2.0/repository/local/oauth.signpost/signpost-core/1.2.1.2/jars/signpost-core.jar"/>
					</artifact>
				</artifacts>
			</revision>
		</module>
		<module organisation="com.ning" name="async-http-client">
			<revision name="1.7.6" status="release" pubdate="20120828002241" resolver="public" artresolver="public" homepage="http://github.com/sonatype/async-http-client" downloaded="true" searched="true" default="false" conf="compile, master(*), runtime, compile(*), runtime(*), master" position="24">
				<license name="Apache License 2.0" url="http://www.apache.org/licenses/LICENSE-2.0.html"/>
				<metadata-artifact status="successful" details="" size="25793" time="940" location="/Applications/play-2.2.0/framework/../repository/cache/com.ning/async-http-client/ivy-1.7.6.xml" searched="true" original-local-location="/Applications/play-2.2.0/framework/../repository/cache/com.ning/async-http-client/ivy-1.7.6.xml.original" origin-is-local="false" origin-location="http://repo1.maven.org/maven2/com/ning/async-http-client/1.7.6/async-http-client-1.7.6.pom"/>
				<caller organisation="play" name="play_2.10" conf="default, compile, runtime, master" rev="1.7.6" rev-constraint-default="1.7.6" rev-constraint-dynamic="1.7.6" callerrev="2.1.3"/>
				<artifacts>
					<artifact name="async-http-client" type="jar" ext="jar" status="successful" details="" size="477054" time="9633" location="/Applications/play-2.2.0/framework/../repository/cache/com.ning/async-http-client/jars/async-http-client-1.7.6.jar">
						<origin-location is-local="false" location="http://repo1.maven.org/maven2/com/ning/async-http-client/1.7.6/async-http-client-1.7.6.jar"/>
					</artifact>
				</artifacts>
			</revision>
		</module>
		<module organisation="org.apache.commons" name="commons-lang3">
			<revision name="3.1" status="release" pubdate="20120905080604" resolver="sbt-chain" artresolver="sbt-chain" homepage="http://commons.apache.org/lang/" downloaded="false" searched="false" default="false" conf="compile, master(*), runtime, compile(*), runtime(*), master" position="23">
				<metadata-artifact status="no" details="" size="7764" time="0" location="/Applications/play-2.2.0/framework/../repository/cache/org.apache.commons/commons-lang3/ivy-3.1.xml" searched="false" origin-is-local="true" origin-location="/Applications/play-2.2.0/repository/local/org.apache.commons/commons-lang3/3.1/ivys/ivy.xml"/>
				<caller organisation="play" name="play_2.10" conf="default, compile, runtime, master" rev="3.1" rev-constraint-default="3.1" rev-constraint-dynamic="3.1" callerrev="2.1.3"/>
				<artifacts>
					<artifact name="commons-lang3" type="jar" ext="jar" status="no" details="" size="315805" time="0" location="/Applications/play-2.2.0/repository/local/org.apache.commons/commons-lang3/3.1/jars/commons-lang3.jar">
						<origin-location is-local="true" location="/Applications/play-2.2.0/repository/local/org.apache.commons/commons-lang3/3.1/jars/commons-lang3.jar"/>
					</artifact>
				</artifacts>
			</revision>
		</module>
		<module organisation="joda-time" name="joda-time">
			<revision name="2.1" status="release" pubdate="20120222172242" resolver="public" artresolver="public" homepage="http://joda-time.sourceforge.net" downloaded="true" searched="true" default="false" conf="compile, master(*), runtime, compile(*), runtime(*), master" position="21">
				<license name="Apache 2" url="http://www.apache.org/licenses/LICENSE-2.0.txt"/>
				<metadata-artifact status="successful" details="" size="15369" time="683" location="/Applications/play-2.2.0/framework/../repository/cache/joda-time/joda-time/ivy-2.1.xml" searched="true" original-local-location="/Applications/play-2.2.0/framework/../repository/cache/joda-time/joda-time/ivy-2.1.xml.original" origin-is-local="false" origin-location="http://repo1.maven.org/maven2/joda-time/joda-time/2.1/joda-time-2.1.pom"/>
				<caller organisation="play" name="play_2.10" conf="default, compile, runtime, master" rev="2.1" rev-constraint-default="2.1" rev-constraint-dynamic="2.1" callerrev="2.1.3"/>
				<artifacts>
					<artifact name="joda-time" type="jar" ext="jar" status="successful" details="" size="570478" time="17570" location="/Applications/play-2.2.0/framework/../repository/cache/joda-time/joda-time/jars/joda-time-2.1.jar">
						<origin-location is-local="false" location="http://repo1.maven.org/maven2/joda-time/joda-time/2.1/joda-time-2.1.jar"/>
					</artifact>
				</artifacts>
			</revision>
		</module>
		<module organisation="org.joda" name="joda-convert">
			<revision name="1.2" status="release" pubdate="20111027215117" resolver="public" artresolver="public" homepage="http://joda-convert.sourceforge.net" downloaded="true" searched="true" default="false" conf="compile, master(*), runtime, compile(*), runtime(*), master" position="22">
				<license name="Apache 2" url="http://www.apache.org/licenses/LICENSE-2.0.txt"/>
				<metadata-artifact status="successful" details="" size="10629" time="590" location="/Applications/play-2.2.0/framework/../repository/cache/org.joda/joda-convert/ivy-1.2.xml" searched="true" original-local-location="/Applications/play-2.2.0/framework/../repository/cache/org.joda/joda-convert/ivy-1.2.xml.original" origin-is-local="false" origin-location="http://repo1.maven.org/maven2/org/joda/joda-convert/1.2/joda-convert-1.2.pom"/>
				<caller organisation="play" name="play_2.10" conf="default, compile, runtime, master" rev="1.2" rev-constraint-default="1.2" rev-constraint-dynamic="1.2" callerrev="2.1.3"/>
				<artifacts>
					<artifact name="joda-convert" type="jar" ext="jar" status="successful" details="" size="38460" time="1550" location="/Applications/play-2.2.0/framework/../repository/cache/org.joda/joda-convert/jars/joda-convert-1.2.jar">
						<origin-location is-local="false" location="http://repo1.maven.org/maven2/org/joda/joda-convert/1.2/joda-convert-1.2.jar"/>
					</artifact>
				</artifacts>
			</revision>
		</module>
		<module organisation="com.typesafe.akka" name="akka-slf4j_2.10">
			<revision name="2.1.0" status="release" pubdate="20121222132327" resolver="public" artresolver="public" homepage="http://akka.io" downloaded="true" searched="true" default="false" conf="compile, master(*), runtime, compile(*), runtime(*), master" position="20">
				<license name="Apache 2" url="http://www.apache.org/licenses/LICENSE-2.0.txt"/>
				<metadata-artifact status="successful" details="" size="2520" time="710" location="/Applications/play-2.2.0/framework/../repository/cache/com.typesafe.akka/akka-slf4j_2.10/ivy-2.1.0.xml" searched="true" original-local-location="/Applications/play-2.2.0/framework/../repository/cache/com.typesafe.akka/akka-slf4j_2.10/ivy-2.1.0.xml.original" origin-is-local="false" origin-location="http://repo1.maven.org/maven2/com/typesafe/akka/akka-slf4j_2.10/2.1.0/akka-slf4j_2.10-2.1.0.pom"/>
				<caller organisation="play" name="play_2.10" conf="default, compile, runtime, master" rev="2.1.0" rev-constraint-default="2.1.0" rev-constraint-dynamic="2.1.0" callerrev="2.1.3"/>
				<artifacts>
					<artifact name="akka-slf4j_2.10" type="bundle" ext="jar" status="successful" details="" size="13426" time="1480" location="/Applications/play-2.2.0/framework/../repository/cache/com.typesafe.akka/akka-slf4j_2.10/bundles/akka-slf4j_2.10-2.1.0.jar">
						<origin-location is-local="false" location="http://repo1.maven.org/maven2/com/typesafe/akka/akka-slf4j_2.10/2.1.0/akka-slf4j_2.10-2.1.0.jar"/>
					</artifact>
				</artifacts>
			</revision>
		</module>
		<module organisation="com.typesafe.akka" name="akka-actor_2.10">
			<revision name="2.1.0" status="release" pubdate="20121222132239" resolver="public" artresolver="public" homepage="http://akka.io" downloaded="true" searched="true" default="false" conf="compile, master(*), runtime, compile(*), runtime(*), master" position="19">
				<license name="Apache 2" url="http://www.apache.org/licenses/LICENSE-2.0.txt"/>
				<metadata-artifact status="successful" details="" size="1911" time="593" location="/Applications/play-2.2.0/framework/../repository/cache/com.typesafe.akka/akka-actor_2.10/ivy-2.1.0.xml" searched="true" original-local-location="/Applications/play-2.2.0/framework/../repository/cache/com.typesafe.akka/akka-actor_2.10/ivy-2.1.0.xml.original" origin-is-local="false" origin-location="http://repo1.maven.org/maven2/com/typesafe/akka/akka-actor_2.10/2.1.0/akka-actor_2.10-2.1.0.pom"/>
				<caller organisation="com.typesafe.akka" name="akka-slf4j_2.10" conf="compile, runtime" rev="2.1.0" rev-constraint-default="2.1.0" rev-constraint-dynamic="2.1.0" callerrev="2.1.0"/>
				<caller organisation="play" name="play_2.10" conf="default, compile, runtime, master" rev="2.1.0" rev-constraint-default="2.1.0" rev-constraint-dynamic="2.1.0" callerrev="2.1.3"/>
				<artifacts>
					<artifact name="akka-actor_2.10" type="bundle" ext="jar" status="successful" details="" size="1892369" time="49287" location="/Applications/play-2.2.0/framework/../repository/cache/com.typesafe.akka/akka-actor_2.10/bundles/akka-actor_2.10-2.1.0.jar">
						<origin-location is-local="false" location="http://repo1.maven.org/maven2/com/typesafe/akka/akka-actor_2.10/2.1.0/akka-actor_2.10-2.1.0.jar"/>
					</artifact>
				</artifacts>
			</revision>
		</module>
		<module organisation="ch.qos.logback" name="logback-classic">
			<revision name="1.0.7" status="release" pubdate="20120824001347" resolver="public" artresolver="public" homepage="http://logback.qos.ch" downloaded="true" searched="true" default="false" conf="compile, master(*), runtime, compile(*), runtime(*), master" position="18">
				<license name="Eclipse Public License - v 1.0" url="http://www.eclipse.org/legal/epl-v10.html"/>
				<license name="GNU Lesser General Public License" url="http://www.gnu.org/licenses/old-licenses/lgpl-2.1.html"/>
				<metadata-artifact status="successful" details="" size="12751" time="808" location="/Applications/play-2.2.0/framework/../repository/cache/ch.qos.logback/logback-classic/ivy-1.0.7.xml" searched="true" original-local-location="/Applications/play-2.2.0/framework/../repository/cache/ch.qos.logback/logback-classic/ivy-1.0.7.xml.original" origin-is-local="false" origin-location="http://repo1.maven.org/maven2/ch/qos/logback/logback-classic/1.0.7/logback-classic-1.0.7.pom"/>
				<caller organisation="play" name="play_2.10" conf="default, compile, runtime, master" rev="1.0.7" rev-constraint-default="1.0.7" rev-constraint-dynamic="1.0.7" callerrev="2.1.3"/>
				<artifacts>
					<artifact name="logback-classic" type="jar" ext="jar" status="successful" details="" size="251679" time="7857" location="/Applications/play-2.2.0/framework/../repository/cache/ch.qos.logback/logback-classic/jars/logback-classic-1.0.7.jar">
						<origin-location is-local="false" location="http://repo1.maven.org/maven2/ch/qos/logback/logback-classic/1.0.7/logback-classic-1.0.7.jar"/>
					</artifact>
				</artifacts>
			</revision>
		</module>
		<module organisation="dom4j" name="dom4j">
			<revision name="1.6.1" status="release" pubdate="20111221002700" resolver="sbt-chain" artresolver="sbt-chain" homepage="http://dom4j.org" downloaded="false" searched="false" default="false" conf="compile, master(*), runtime, compile(*), runtime(*), master" position="43">
				<metadata-artifact status="no" details="" size="3653" time="0" location="/Applications/play-2.2.0/framework/../repository/cache/dom4j/dom4j/ivy-1.6.1.xml" searched="false" origin-is-local="false" origin-location="file:/Users/agc/.m2/repository/dom4j/dom4j/1.6.1/dom4j-1.6.1.pom"/>
				<caller organisation="org.reflections" name="reflections" conf="compile, runtime" rev="1.6.1" rev-constraint-default="1.6.1" rev-constraint-dynamic="1.6.1" callerrev="0.9.8"/>
				<artifacts>
					<artifact name="dom4j" type="jar" ext="jar" status="no" details="" size="313898" time="0" location="/Applications/play-2.2.0/framework/../repository/cache/dom4j/dom4j/jars/dom4j-1.6.1.jar">
						<origin-location is-local="false" location="file:/Users/agc/.m2/repository/dom4j/dom4j/1.6.1/dom4j-1.6.1.jar"/>
					</artifact>
				</artifacts>
			</revision>
		</module>
		<module organisation="ch.qos.logback" name="logback-core">
			<revision name="1.0.7" status="release" pubdate="20120824001302" resolver="public" artresolver="public" homepage="http://logback.qos.ch" downloaded="true" searched="true" default="false" conf="compile, master(*), runtime, compile(*), runtime(*), master" position="17">
				<license name="Eclipse Public License - v 1.0" url="http://www.eclipse.org/legal/epl-v10.html"/>
				<license name="GNU Lesser General Public License" url="http://www.gnu.org/licenses/old-licenses/lgpl-2.1.html"/>
				<metadata-artifact status="successful" details="" size="6329" time="507" location="/Applications/play-2.2.0/framework/../repository/cache/ch.qos.logback/logback-core/ivy-1.0.7.xml" searched="true" original-local-location="/Applications/play-2.2.0/framework/../repository/cache/ch.qos.logback/logback-core/ivy-1.0.7.xml.original" origin-is-local="false" origin-location="http://repo1.maven.org/maven2/ch/qos/logback/logback-core/1.0.7/logback-core-1.0.7.pom"/>
				<caller organisation="ch.qos.logback" name="logback-classic" conf="compile, runtime" rev="1.0.7" rev-constraint-default="1.0.7" rev-constraint-dynamic="1.0.7" callerrev="1.0.7"/>
				<caller organisation="play" name="play_2.10" conf="default, compile, runtime, master" rev="1.0.7" rev-constraint-default="1.0.7" rev-constraint-dynamic="1.0.7" callerrev="2.1.3"/>
				<artifacts>
					<artifact name="logback-core" type="jar" ext="jar" status="successful" details="" size="364399" time="9023" location="/Applications/play-2.2.0/framework/../repository/cache/ch.qos.logback/logback-core/jars/logback-core-1.0.7.jar">
						<origin-location is-local="false" location="http://repo1.maven.org/maven2/ch/qos/logback/logback-core/1.0.7/logback-core-1.0.7.jar"/>
					</artifact>
				</artifacts>
			</revision>
		</module>
		<module organisation="org.slf4j" name="jcl-over-slf4j">
			<revision name="1.6.6" status="release" pubdate="20120611164300" resolver="public" artresolver="public" homepage="http://www.slf4j.org" downloaded="true" searched="true" default="false" conf="compile, master(*), runtime, compile(*), runtime(*), master" position="16">
				<metadata-artifact status="successful" details="" size="2467" time="1043" location="/Applications/play-2.2.0/framework/../repository/cache/org.slf4j/jcl-over-slf4j/ivy-1.6.6.xml" searched="true" original-local-location="/Applications/play-2.2.0/framework/../repository/cache/org.slf4j/jcl-over-slf4j/ivy-1.6.6.xml.original" origin-is-local="false" origin-location="http://repo1.maven.org/maven2/org/slf4j/jcl-over-slf4j/1.6.6/jcl-over-slf4j-1.6.6.pom"/>
				<caller organisation="play" name="play_2.10" conf="default, compile, runtime, master" rev="1.6.6" rev-constraint-default="1.6.6" rev-constraint-dynamic="1.6.6" callerrev="2.1.3"/>
				<artifacts>
					<artifact name="jcl-over-slf4j" type="jar" ext="jar" status="successful" details="" size="17289" time="870" location="/Applications/play-2.2.0/framework/../repository/cache/org.slf4j/jcl-over-slf4j/jars/jcl-over-slf4j-1.6.6.jar">
						<origin-location is-local="false" location="http://repo1.maven.org/maven2/org/slf4j/jcl-over-slf4j/1.6.6/jcl-over-slf4j-1.6.6.jar"/>
					</artifact>
				</artifacts>
			</revision>
		</module>
		<module organisation="org.slf4j" name="jul-to-slf4j">
			<revision name="1.6.6" status="release" pubdate="20120611164322" resolver="public" artresolver="public" homepage="http://www.slf4j.org" downloaded="true" searched="true" default="false" conf="compile, master(*), runtime, compile(*), runtime(*), master" position="15">
				<metadata-artifact status="successful" details="" size="1951" time="796" location="/Applications/play-2.2.0/framework/../repository/cache/org.slf4j/jul-to-slf4j/ivy-1.6.6.xml" searched="true" original-local-location="/Applications/play-2.2.0/framework/../repository/cache/org.slf4j/jul-to-slf4j/ivy-1.6.6.xml.original" origin-is-local="false" origin-location="http://repo1.maven.org/maven2/org/slf4j/jul-to-slf4j/1.6.6/jul-to-slf4j-1.6.6.pom"/>
				<caller organisation="play" name="play_2.10" conf="default, compile, runtime, master" rev="1.6.6" rev-constraint-default="1.6.6" rev-constraint-dynamic="1.6.6" callerrev="2.1.3"/>
				<artifacts>
					<artifact name="jul-to-slf4j" type="jar" ext="jar" status="successful" details="" size="4955" time="505" location="/Applications/play-2.2.0/framework/../repository/cache/org.slf4j/jul-to-slf4j/jars/jul-to-slf4j-1.6.6.jar">
						<origin-location is-local="false" location="http://repo1.maven.org/maven2/org/slf4j/jul-to-slf4j/1.6.6/jul-to-slf4j-1.6.6.jar"/>
					</artifact>
				</artifacts>
			</revision>
		</module>
		<module organisation="org.slf4j" name="slf4j-api">
			<revision name="1.6.6" status="release" pubdate="20120611164148" resolver="public" artresolver="public" homepage="http://www.slf4j.org" downloaded="true" searched="true" default="false" conf="compile, master(*), runtime, compile(*), runtime(*), master" position="14">
				<metadata-artifact status="successful" details="" size="2689" time="1265" location="/Applications/play-2.2.0/framework/../repository/cache/org.slf4j/slf4j-api/ivy-1.6.6.xml" searched="true" original-local-location="/Applications/play-2.2.0/framework/../repository/cache/org.slf4j/slf4j-api/ivy-1.6.6.xml.original" origin-is-local="false" origin-location="http://repo1.maven.org/maven2/org/slf4j/slf4j-api/1.6.6/slf4j-api-1.6.6.pom"/>
				<caller organisation="org.slf4j" name="jul-to-slf4j" conf="compile, runtime" rev="1.6.6" rev-constraint-default="1.6.6" rev-constraint-dynamic="1.6.6" callerrev="1.6.6"/>
				<caller organisation="com.typesafe.slick" name="slick_2.10" conf="compile, runtime" rev="1.6.4" rev-constraint-default="1.6.4" rev-constraint-dynamic="1.6.4" callerrev="1.0.1"/>
				<caller organisation="com.typesafe.akka" name="akka-slf4j_2.10" conf="compile, runtime" rev="1.7.2" rev-constraint-default="1.7.2" rev-constraint-dynamic="1.7.2" callerrev="2.1.0"/>
				<caller organisation="ch.qos.logback" name="logback-classic" conf="compile, runtime" rev="1.6.6" rev-constraint-default="1.6.6" rev-constraint-dynamic="1.6.6" callerrev="1.0.7"/>
				<caller organisation="play" name="play_2.10" conf="default, compile, runtime, master" rev="1.6.6" rev-constraint-default="1.6.6" rev-constraint-dynamic="1.6.6" callerrev="2.1.3"/>
				<caller organisation="com.ning" name="async-http-client" conf="compile, runtime" rev="1.6.2" rev-constraint-default="1.6.2" rev-constraint-dynamic="1.6.2" callerrev="1.7.6"/>
				<caller organisation="org.slf4j" name="jcl-over-slf4j" conf="compile, runtime" rev="1.6.6" rev-constraint-default="1.6.6" rev-constraint-dynamic="1.6.6" callerrev="1.6.6"/>
				<caller organisation="net.sf.ehcache" name="ehcache-core" conf="compile, runtime" rev="1.6.1" rev-constraint-default="1.6.1" rev-constraint-dynamic="1.6.1" callerrev="2.6.0"/>
				<artifacts>
					<artifact name="slf4j-api" type="jar" ext="jar" status="successful" details="" size="26176" time="1235" location="/Applications/play-2.2.0/framework/../repository/cache/org.slf4j/slf4j-api/jars/slf4j-api-1.6.6.jar">
						<origin-location is-local="false" location="http://repo1.maven.org/maven2/org/slf4j/slf4j-api/1.6.6/slf4j-api-1.6.6.jar"/>
					</artifact>
				</artifacts>
			</revision>
			<revision name="1.6.4" evicted="latest-revision" evicted-reason="" downloaded="false" searched="false" conf="compile, master(*), runtime, compile(*), runtime(*), master" position="-1">
				<evicted-by rev="1.6.6"/>
				<caller organisation="com.typesafe.slick" name="slick_2.10" conf="compile, runtime" rev="1.6.4" rev-constraint-default="1.6.4" rev-constraint-dynamic="1.6.4" callerrev="1.0.1"/>
				<artifacts>
				</artifacts>
			</revision>
			<revision name="1.6.1" evicted="latest-revision" evicted-reason="" downloaded="false" searched="false" conf="compile, master(*), runtime, compile(*), runtime(*), master" position="-1">
				<evicted-by rev="1.6.6"/>
				<caller organisation="net.sf.ehcache" name="ehcache-core" conf="compile, runtime" rev="1.6.1" rev-constraint-default="1.6.1" rev-constraint-dynamic="1.6.1" callerrev="2.6.0"/>
				<artifacts>
				</artifacts>
			</revision>
			<revision name="1.6.2" evicted="latest-revision" evicted-reason="" downloaded="false" searched="false" conf="compile, master(*), runtime, compile(*), runtime(*), master" position="-1">
				<evicted-by rev="1.6.6"/>
				<caller organisation="com.ning" name="async-http-client" conf="compile, runtime" rev="1.6.2" rev-constraint-default="1.6.2" rev-constraint-dynamic="1.6.2" callerrev="1.7.6"/>
				<artifacts>
				</artifacts>
			</revision>
			<revision name="1.7.2" evicted="latest-revision" evicted-reason="" downloaded="false" searched="false" conf="compile, master(*), runtime, compile(*), runtime(*), master" position="-1">
				<evicted-by rev="1.6.6"/>
				<caller organisation="com.typesafe.akka" name="akka-slf4j_2.10" conf="compile, runtime" rev="1.7.2" rev-constraint-default="1.7.2" rev-constraint-dynamic="1.7.2" callerrev="2.1.0"/>
				<artifacts>
				</artifacts>
			</revision>
		</module>
		<module organisation="com.typesafe.netty" name="netty-http-pipelining">
			<revision name="1.1.1" status="release" pubdate="20130723044919" resolver="Typesafe Releases Repository" artresolver="Typesafe Releases Repository" homepage="https://github.com/typesafehub/netty-http-pipelining" downloaded="true" searched="true" default="false" conf="compile, master(*), runtime, compile(*), runtime(*), master" position="13">
				<license name="Apache 2" url="http://www.apache.org/licenses/LICENSE-2.0.txt"/>
				<metadata-artifact status="successful" details="" size="2271" time="841" location="/Applications/play-2.2.0/framework/../repository/cache/com.typesafe.netty/netty-http-pipelining/ivy-1.1.1.xml" searched="true" original-local-location="/Applications/play-2.2.0/framework/../repository/cache/com.typesafe.netty/netty-http-pipelining/ivy-1.1.1.xml.original" origin-is-local="false" origin-location="http://repo.typesafe.com/typesafe/releases/com/typesafe/netty/netty-http-pipelining/1.1.1/netty-http-pipelining-1.1.1.pom"/>
				<caller organisation="play" name="play_2.10" conf="default, compile, runtime, master" rev="1.1.1" rev-constraint-default="1.1.1" rev-constraint-dynamic="1.1.1" callerrev="2.1.3"/>
				<artifacts>
					<artifact name="netty-http-pipelining" type="jar" ext="jar" status="successful" details="" size="6961" time="1172" location="/Applications/play-2.2.0/framework/../repository/cache/com.typesafe.netty/netty-http-pipelining/jars/netty-http-pipelining-1.1.1.jar">
						<origin-location is-local="false" location="http://repo.typesafe.com/typesafe/releases/com/typesafe/netty/netty-http-pipelining/1.1.1/netty-http-pipelining-1.1.1.jar"/>
					</artifact>
				</artifacts>
			</revision>
		</module>
		<module organisation="io.netty" name="netty">
			<revision name="3.6.3.Final" status="release" pubdate="20130221145442" resolver="public" artresolver="public" homepage="http://netty.io/" downloaded="true" searched="true" default="false" conf="compile, master(*), runtime, compile(*), runtime(*), master" position="12">
				<license name="Apache License, Version 2.0" url="http://www.apache.org/licenses/LICENSE-2.0"/>
				<metadata-artifact status="successful" details="" size="26204" time="906" location="/Applications/play-2.2.0/framework/../repository/cache/io.netty/netty/ivy-3.6.3.Final.xml" searched="true" original-local-location="/Applications/play-2.2.0/framework/../repository/cache/io.netty/netty/ivy-3.6.3.Final.xml.original" origin-is-local="false" origin-location="http://repo1.maven.org/maven2/io/netty/netty/3.6.3.Final/netty-3.6.3.Final.pom"/>
				<caller organisation="com.typesafe.netty" name="netty-http-pipelining" conf="compile, runtime" rev="3.6.3.Final" rev-constraint-default="3.6.3.Final" rev-constraint-dynamic="3.6.3.Final" callerrev="1.1.1"/>
				<caller organisation="play" name="play_2.10" conf="default, compile, runtime, master" rev="3.6.3.Final" rev-constraint-default="3.6.3.Final" rev-constraint-dynamic="3.6.3.Final" callerrev="2.1.3"/>
				<caller organisation="com.ning" name="async-http-client" conf="compile, runtime" rev="3.4.4.Final" rev-constraint-default="3.4.4.Final" rev-constraint-dynamic="3.4.4.Final" callerrev="1.7.6"/>
				<artifacts>
					<artifact name="netty" type="bundle" ext="jar" status="successful" details="" size="1202373" time="27058" location="/Applications/play-2.2.0/framework/../repository/cache/io.netty/netty/bundles/netty-3.6.3.Final.jar">
						<origin-location is-local="false" location="http://repo1.maven.org/maven2/io/netty/netty/3.6.3.Final/netty-3.6.3.Final.jar"/>
					</artifact>
				</artifacts>
			</revision>
			<revision name="3.4.4.Final" evicted="latest-revision" evicted-reason="" downloaded="false" searched="false" conf="compile, master(*), runtime, compile(*), runtime(*), master" position="-1">
				<evicted-by rev="3.6.3.Final"/>
				<caller organisation="com.ning" name="async-http-client" conf="compile, runtime" rev="3.4.4.Final" rev-constraint-default="3.4.4.Final" rev-constraint-dynamic="3.4.4.Final" callerrev="1.7.6"/>
				<artifacts>
				</artifacts>
			</revision>
		</module>
		<module organisation="commons-logging" name="commons-logging">
			<revision name="1.1.1" status="release" pubdate="20120905074802" resolver="sbt-chain" artresolver="sbt-chain" homepage="http://commons.apache.org/logging" downloaded="false" searched="false" default="false" conf="compile, master(*), runtime, compile(*), runtime(*), master" position="27">
				<metadata-artifact status="no" details="" size="3931" time="0" location="/Applications/play-2.2.0/framework/../repository/cache/commons-logging/commons-logging/ivy-1.1.1.xml" searched="false" origin-is-local="true" origin-location="/Applications/play-2.2.0/repository/local/commons-logging/commons-logging/1.1.1/ivys/ivy.xml"/>
				<caller organisation="org.apache.httpcomponents" name="httpmime" conf="compile, runtime" rev="1.1.1" rev-constraint-default="1.1.1" rev-constraint-dynamic="1.1.1" callerrev="4.1.2"/>
				<caller organisation="net.sourceforge.htmlunit" name="htmlunit" conf="compile, runtime" rev="1.1.1" rev-constraint-default="1.1.1" rev-constraint-dynamic="1.1.1" callerrev="2.9"/>
				<caller organisation="org.apache.httpcomponents" name="httpclient" conf="compile, runtime" rev="1.1.1" rev-constraint-default="1.1.1" rev-constraint-dynamic="1.1.1" callerrev="4.2.1"/>
				<caller organisation="org.apache.httpcomponents" name="httpclient" conf="compile, runtime" rev="1.1.1" rev-constraint-default="1.1.1" rev-constraint-dynamic="1.1.1" callerrev="4.0.1"/>
				<artifacts>
					<artifact name="commons-logging" type="jar" ext="jar" status="no" details="" size="60686" time="0" location="/Applications/play-2.2.0/repository/local/commons-logging/commons-logging/1.1.1/jars/commons-logging.jar">
						<origin-location is-local="true" location="/Applications/play-2.2.0/repository/local/commons-logging/commons-logging/1.1.1/jars/commons-logging.jar"/>
					</artifact>
				</artifacts>
			</revision>
		</module>
		<module organisation="play" name="play-iteratees_2.10">
			<revision name="2.1.3" status="release" pubdate="20130806120755" resolver="Typesafe Releases Repository" artresolver="Typesafe Releases Repository" homepage="" downloaded="true" searched="true" default="false" conf="compile, master(*), runtime, compile(*), runtime(*), master" position="9">
				<metadata-artifact status="successful" details="" size="1399" time="880" location="/Applications/play-2.2.0/framework/../repository/cache/play/play-iteratees_2.10/ivy-2.1.3.xml" searched="true" original-local-location="/Applications/play-2.2.0/framework/../repository/cache/play/play-iteratees_2.10/ivy-2.1.3.xml.original" origin-is-local="false" origin-location="http://repo.typesafe.com/typesafe/releases/play/play-iteratees_2.10/2.1.3/play-iteratees_2.10-2.1.3.pom"/>
				<caller organisation="play" name="play_2.10" conf="default, compile, runtime, master" rev="2.1.3" rev-constraint-default="2.1.3" rev-constraint-dynamic="2.1.3" callerrev="2.1.3"/>
				<artifacts>
					<artifact name="play-iteratees_2.10" type="jar" ext="jar" status="successful" details="" size="642773" time="2316" location="/Applications/play-2.2.0/framework/../repository/cache/play/play-iteratees_2.10/jars/play-iteratees_2.10-2.1.3.jar">
						<origin-location is-local="false" location="http://repo.typesafe.com/typesafe/releases/play/play-iteratees_2.10/2.1.3/play-iteratees_2.10-2.1.3.jar"/>
					</artifact>
				</artifacts>
			</revision>
		</module>
		<module organisation="com.typesafe" name="config">
			<revision name="1.0.0" status="release" pubdate="20130506134453" resolver="sbt-chain" artresolver="sbt-chain" homepage="https://github.com/typesafehub/config" downloaded="false" searched="false" default="false" conf="compile, master(*), runtime, compile(*), runtime(*), master" position="11">
				<license name="Apache License, Version 2.0" url="http://www.apache.org/licenses/LICENSE-2.0"/>
				<metadata-artifact status="no" details="" size="2725" time="0" location="/Applications/play-2.2.0/framework/../repository/cache/com.typesafe/config/ivy-1.0.0.xml" searched="false" origin-is-local="false" origin-location="http://repo.typesafe.com/typesafe/releases/com/typesafe/config/1.0.0/config-1.0.0.pom"/>
				<caller organisation="play" name="play-iteratees_2.10" conf="compile, runtime" rev="1.0.0" rev-constraint-default="1.0.0" rev-constraint-dynamic="1.0.0" callerrev="2.1.3"/>
				<caller organisation="com.typesafe.akka" name="akka-actor_2.10" conf="compile, runtime" rev="1.0.0" rev-constraint-default="1.0.0" rev-constraint-dynamic="1.0.0" callerrev="2.1.0"/>
				<artifacts>
					<artifact name="config" type="bundle" ext="jar" status="no" details="" size="185676" time="0" location="/Applications/play-2.2.0/framework/../repository/cache/com.typesafe/config/bundles/config-1.0.0.jar">
						<origin-location is-local="false" location="http://repo.typesafe.com/typesafe/releases/com/typesafe/config/1.0.0/config-1.0.0.jar"/>
					</artifact>
				</artifacts>
			</revision>
		</module>
		<module organisation="org.scala-stm" name="scala-stm_2.10.0">
			<revision name="0.6" status="release" pubdate="20121220175611" resolver="public" artresolver="public" homepage="http://nbronson.github.com/scala-stm/" downloaded="true" searched="true" default="false" conf="compile, master(*), runtime, compile(*), runtime(*), master" position="10">
				<license name="BSD" url="https://github.com/nbronson/scala-stm/blob/master/LICENSE.txt"/>
				<metadata-artifact status="successful" details="" size="1459" time="393" location="/Applications/play-2.2.0/framework/../repository/cache/org.scala-stm/scala-stm_2.10.0/ivy-0.6.xml" searched="true" original-local-location="/Applications/play-2.2.0/framework/../repository/cache/org.scala-stm/scala-stm_2.10.0/ivy-0.6.xml.original" origin-is-local="false" origin-location="http://repo1.maven.org/maven2/org/scala-stm/scala-stm_2.10.0/0.6/scala-stm_2.10.0-0.6.pom"/>
				<caller organisation="play" name="play_2.10" conf="default, compile, runtime, master" rev="0.6" rev-constraint-default="0.6" rev-constraint-dynamic="0.6" callerrev="2.1.3"/>
				<caller organisation="play" name="play-iteratees_2.10" conf="compile, runtime" rev="0.6" rev-constraint-default="0.6" rev-constraint-dynamic="0.6" callerrev="2.1.3"/>
				<artifacts>
					<artifact name="scala-stm_2.10.0" type="jar" ext="jar" status="successful" details="" size="609513" time="16973" location="/Applications/play-2.2.0/framework/../repository/cache/org.scala-stm/scala-stm_2.10.0/jars/scala-stm_2.10.0-0.6.jar">
						<origin-location is-local="false" location="http://repo1.maven.org/maven2/org/scala-stm/scala-stm_2.10.0/0.6/scala-stm_2.10.0-0.6.jar"/>
					</artifact>
				</artifacts>
			</revision>
		</module>
		<module organisation="play" name="templates_2.10">
			<revision name="2.1.3" status="release" pubdate="20130806135532" resolver="Typesafe Releases Repository" artresolver="Typesafe Releases Repository" homepage="" downloaded="true" searched="true" default="false" conf="compile, master(*), runtime, compile(*), runtime(*), master" position="5">
				<metadata-artifact status="successful" details="" size="1029" time="871" location="/Applications/play-2.2.0/framework/../repository/cache/play/templates_2.10/ivy-2.1.3.xml" searched="true" original-local-location="/Applications/play-2.2.0/framework/../repository/cache/play/templates_2.10/ivy-2.1.3.xml.original" origin-is-local="false" origin-location="http://repo.typesafe.com/typesafe/releases/play/templates_2.10/2.1.3/templates_2.10-2.1.3.pom"/>
				<caller organisation="play" name="play_2.10" conf="default, compile, runtime, master" rev="2.1.3" rev-constraint-default="2.1.3" rev-constraint-dynamic="2.1.3" callerrev="2.1.3"/>
				<artifacts>
					<artifact name="templates_2.10" type="jar" ext="jar" status="successful" details="" size="38326" time="1094" location="/Applications/play-2.2.0/framework/../repository/cache/play/templates_2.10/jars/templates_2.10-2.1.3.jar">
						<origin-location is-local="false" location="http://repo.typesafe.com/typesafe/releases/play/templates_2.10/2.1.3/templates_2.10-2.1.3.jar"/>
					</artifact>
				</artifacts>
			</revision>
		</module>
		<module organisation="org.specs2" name="specs2_2.10">
			<revision name="1.13" status="release" pubdate="20121220134856" resolver="public" artresolver="public" homepage="http://specs2.org/" downloaded="true" searched="true" default="false" conf="compile, master(*), runtime, compile(*), runtime(*), master" position="66">
				<license name="MIT-style" url="http://www.opensource.org/licenses/mit-license.php"/>
				<metadata-artifact status="successful" details="" size="3281" time="391" location="/Applications/play-2.2.0/framework/../repository/cache/org.specs2/specs2_2.10/ivy-1.13.xml" searched="true" original-local-location="/Applications/play-2.2.0/framework/../repository/cache/org.specs2/specs2_2.10/ivy-1.13.xml.original" origin-is-local="false" origin-location="http://repo1.maven.org/maven2/org/specs2/specs2_2.10/1.13/specs2_2.10-1.13.pom"/>
				<caller organisation="play" name="play-test_2.10" conf="default, compile, runtime, master" rev="1.13" rev-constraint-default="1.13" rev-constraint-dynamic="1.13" callerrev="2.1.3"/>
				<artifacts>
					<artifact name="specs2_2.10" type="jar" ext="jar" status="successful" details="" size="6656378" time="176136" location="/Applications/play-2.2.0/framework/../repository/cache/org.specs2/specs2_2.10/jars/specs2_2.10-1.13.jar">
						<origin-location is-local="false" location="http://repo1.maven.org/maven2/org/specs2/specs2_2.10/1.13/specs2_2.10-1.13.jar"/>
					</artifact>
				</artifacts>
			</revision>
		</module>
		<module organisation="org.scala-tools.testing" name="test-interface">
			<revision name="0.5" status="release" pubdate="20100328103658" resolver="sbt-chain" artresolver="sbt-chain" homepage="" downloaded="false" searched="false" default="false" conf="compile, master(*), runtime, compile(*), runtime(*), master" position="71">
				<metadata-artifact status="no" details="" size="2199" time="0" location="/Applications/play-2.2.0/framework/../repository/cache/org.scala-tools.testing/test-interface/ivy-0.5.xml" searched="false" origin-is-local="true" origin-location="/Applications/play-2.2.0/repository/local/org.scala-tools.testing/test-interface/0.5/ivys/ivy.xml"/>
				<caller organisation="com.novocode" name="junit-interface" conf="compile, runtime" rev="0.5" rev-constraint-default="0.5" rev-constraint-dynamic="0.5" callerrev="0.10"/>
				<artifacts>
					<artifact name="test-interface" type="jar" ext="jar" status="no" details="" size="4407" time="0" location="/Applications/play-2.2.0/repository/local/org.scala-tools.testing/test-interface/0.5/jars/test-interface.jar">
						<origin-location is-local="true" location="/Applications/play-2.2.0/repository/local/org.scala-tools.testing/test-interface/0.5/jars/test-interface.jar"/>
					</artifact>
				</artifacts>
			</revision>
		</module>
		<module organisation="org.specs2" name="scalaz-concurrent_2.10">
			<revision name="7.0.0" status="release" pubdate="20121220120510" resolver="public" artresolver="public" homepage="http://specs2.org/" downloaded="true" searched="true" default="false" conf="compile, master(*), runtime, compile(*), runtime(*), master" position="68">
				<license name="MIT-style" url="http://www.opensource.org/licenses/mit-license.php"/>
				<metadata-artifact status="successful" details="" size="1800" time="389" location="/Applications/play-2.2.0/framework/../repository/cache/org.specs2/scalaz-concurrent_2.10/ivy-7.0.0.xml" searched="true" original-local-location="/Applications/play-2.2.0/framework/../repository/cache/org.specs2/scalaz-concurrent_2.10/ivy-7.0.0.xml.original" origin-is-local="false" origin-location="http://repo1.maven.org/maven2/org/specs2/scalaz-concurrent_2.10/7.0.0/scalaz-concurrent_2.10-7.0.0.pom"/>
				<caller organisation="org.specs2" name="specs2_2.10" conf="compile, runtime" rev="7.0.0" rev-constraint-default="7.0.0" rev-constraint-dynamic="7.0.0" callerrev="1.13"/>
				<artifacts>
					<artifact name="scalaz-concurrent_2.10" type="jar" ext="jar" status="successful" details="" size="189253" time="726" location="/Applications/play-2.2.0/framework/../repository/cache/org.specs2/scalaz-concurrent_2.10/jars/scalaz-concurrent_2.10-7.0.0.jar">
						<origin-location is-local="false" location="http://repo1.maven.org/maven2/org/specs2/scalaz-concurrent_2.10/7.0.0/scalaz-concurrent_2.10-7.0.0.jar"/>
					</artifact>
				</artifacts>
			</revision>
		</module>
		<module organisation="org.specs2" name="scalaz-effect_2.10">
			<revision name="7.0.0" status="release" pubdate="20121220120525" resolver="sbt-chain" artresolver="sbt-chain" homepage="http://specs2.org/" downloaded="false" searched="false" default="false" conf="compile, master(*), runtime, compile(*), runtime(*), master" position="69">
				<license name="MIT-style" url="http://www.opensource.org/licenses/mit-license.php"/>
				<metadata-artifact status="no" details="" size="2657" time="0" location="/Applications/play-2.2.0/framework/../repository/cache/org.specs2/scalaz-effect_2.10/ivy-7.0.0.xml" searched="false" origin-is-local="false" origin-location="http://repo1.maven.org/maven2/org/specs2/scalaz-effect_2.10/7.0.0/scalaz-effect_2.10-7.0.0.pom"/>
				<caller organisation="org.specs2" name="scalaz-concurrent_2.10" conf="compile, runtime" rev="7.0.0" rev-constraint-default="7.0.0" rev-constraint-dynamic="7.0.0" callerrev="7.0.0"/>
				<artifacts>
					<artifact name="scalaz-effect_2.10" type="jar" ext="jar" status="successful" details="" size="391773" time="979" location="/Applications/play-2.2.0/framework/../repository/cache/org.specs2/scalaz-effect_2.10/jars/scalaz-effect_2.10-7.0.0.jar">
						<origin-location is-local="false" location="http://repo1.maven.org/maven2/org/specs2/scalaz-effect_2.10/7.0.0/scalaz-effect_2.10-7.0.0.jar"/>
					</artifact>
				</artifacts>
			</revision>
		</module>
		<module organisation="org.specs2" name="scalaz-core_2.10">
			<revision name="7.0.0" status="release" pubdate="20121220120704" resolver="sbt-chain" artresolver="sbt-chain" homepage="http://specs2.org/" downloaded="false" searched="false" default="false" conf="compile, master(*), runtime, compile(*), runtime(*), master" position="67">
				<license name="MIT-style" url="http://www.opensource.org/licenses/mit-license.php"/>
				<metadata-artifact status="no" details="" size="2512" time="0" location="/Applications/play-2.2.0/framework/../repository/cache/org.specs2/scalaz-core_2.10/ivy-7.0.0.xml" searched="false" origin-is-local="false" origin-location="http://repo1.maven.org/maven2/org/specs2/scalaz-core_2.10/7.0.0/scalaz-core_2.10-7.0.0.pom"/>
				<caller organisation="org.specs2" name="scalaz-concurrent_2.10" conf="compile, runtime" rev="7.0.0" rev-constraint-default="7.0.0" rev-constraint-dynamic="7.0.0" callerrev="7.0.0"/>
				<caller organisation="org.specs2" name="specs2_2.10" conf="compile, runtime" rev="7.0.0" rev-constraint-default="7.0.0" rev-constraint-dynamic="7.0.0" callerrev="1.13"/>
				<caller organisation="org.specs2" name="scalaz-effect_2.10" conf="compile, runtime" rev="7.0.0" rev-constraint-default="7.0.0" rev-constraint-dynamic="7.0.0" callerrev="7.0.0"/>
				<artifacts>
					<artifact name="scalaz-core_2.10" type="jar" ext="jar" status="successful" details="" size="8897195" time="18525" location="/Applications/play-2.2.0/framework/../repository/cache/org.specs2/scalaz-core_2.10/jars/scalaz-core_2.10-7.0.0.jar">
						<origin-location is-local="false" location="http://repo1.maven.org/maven2/org/specs2/scalaz-core_2.10/7.0.0/scalaz-core_2.10-7.0.0.jar"/>
					</artifact>
				</artifacts>
			</revision>
		</module>
		<module organisation="com.github.scala-incubator.io" name="scala-io-file_2.10">
			<revision name="0.4.2" status="release" pubdate="20130124063031" resolver="sbt-chain" artresolver="sbt-chain" homepage="http://jesseeichar.github.com/scala-io-doc/index.html" downloaded="false" searched="false" default="false" conf="compile, master(*), runtime, compile(*), runtime(*), master" position="6">
				<license name="Scala License" url="http://www.scala-lang.org/node/146"/>
				<metadata-artifact status="no" details="" size="2942" time="0" location="/Applications/play-2.2.0/framework/../repository/cache/com.github.scala-incubator.io/scala-io-file_2.10/ivy-0.4.2.xml" searched="false" origin-is-local="true" origin-location="/Applications/play-2.2.0/repository/local/com.github.scala-incubator.io/scala-io-file_2.10/0.4.2/ivys/ivy.xml"/>
				<caller organisation="play" name="templates_2.10" conf="compile, runtime" rev="0.4.2" rev-constraint-default="0.4.2" rev-constraint-dynamic="0.4.2" callerrev="2.1.3"/>
				<caller organisation="play" name="play_2.10" conf="default, compile, runtime, master" rev="0.4.2" rev-constraint-default="0.4.2" rev-constraint-dynamic="0.4.2" callerrev="2.1.3"/>
				<caller organisation="play" name="play-iteratees_2.10" conf="compile, runtime" rev="0.4.2" rev-constraint-default="0.4.2" rev-constraint-dynamic="0.4.2" callerrev="2.1.3"/>
				<artifacts>
					<artifact name="scala-io-file_2.10" type="jar" ext="jar" status="no" details="" size="437576" time="0" location="/Applications/play-2.2.0/repository/local/com.github.scala-incubator.io/scala-io-file_2.10/0.4.2/jars/scala-io-file_2.10.jar">
						<origin-location is-local="true" location="/Applications/play-2.2.0/repository/local/com.github.scala-incubator.io/scala-io-file_2.10/0.4.2/jars/scala-io-file_2.10.jar"/>
					</artifact>
				</artifacts>
			</revision>
		</module>
		<module organisation="com.github.scala-incubator.io" name="scala-io-core_2.10">
			<revision name="0.4.2" status="release" pubdate="20130124063034" resolver="sbt-chain" artresolver="sbt-chain" homepage="http://jesseeichar.github.com/scala-io-doc/index.html" downloaded="false" searched="false" default="false" conf="compile, master(*), runtime, compile(*), runtime(*), master" position="7">
				<license name="Scala License" url="http://www.scala-lang.org/node/146"/>
				<metadata-artifact status="no" details="" size="2919" time="0" location="/Applications/play-2.2.0/framework/../repository/cache/com.github.scala-incubator.io/scala-io-core_2.10/ivy-0.4.2.xml" searched="false" origin-is-local="true" origin-location="/Applications/play-2.2.0/repository/local/com.github.scala-incubator.io/scala-io-core_2.10/0.4.2/ivys/ivy.xml"/>
				<caller organisation="com.github.scala-incubator.io" name="scala-io-file_2.10" conf="compile, runtime" rev="0.4.2" rev-constraint-default="0.4.2" rev-constraint-dynamic="0.4.2" callerrev="0.4.2"/>
				<artifacts>
					<artifact name="scala-io-core_2.10" type="jar" ext="jar" status="no" details="" size="1295513" time="0" location="/Applications/play-2.2.0/repository/local/com.github.scala-incubator.io/scala-io-core_2.10/0.4.2/jars/scala-io-core_2.10.jar">
						<origin-location is-local="true" location="/Applications/play-2.2.0/repository/local/com.github.scala-incubator.io/scala-io-core_2.10/0.4.2/jars/scala-io-core_2.10.jar"/>
					</artifact>
				</artifacts>
			</revision>
		</module>
		<module organisation="com.jsuereth" name="scala-arm_2.10">
			<revision name="1.3" status="release" pubdate="20130122061929" resolver="sbt-chain" artresolver="sbt-chain" homepage="http://jsuereth.com/scala-arm" downloaded="false" searched="false" default="false" conf="compile, master(*), runtime, compile(*), runtime(*), master" position="8">
				<license name="BSD-style" url="http://www.opensource.org/licenses/bsd-license.php"/>
				<metadata-artifact status="no" details="" size="2970" time="0" location="/Applications/play-2.2.0/framework/../repository/cache/com.jsuereth/scala-arm_2.10/ivy-1.3.xml" searched="false" origin-is-local="true" origin-location="/Applications/play-2.2.0/repository/local/com.jsuereth/scala-arm_2.10/1.3/ivys/ivy.xml"/>
				<caller organisation="com.github.scala-incubator.io" name="scala-io-core_2.10" conf="compile, runtime" rev="1.3" rev-constraint-default="1.3" rev-constraint-dynamic="1.3" callerrev="0.4.2"/>
				<artifacts>
					<artifact name="scala-arm_2.10" type="jar" ext="jar" status="no" details="" size="75459" time="0" location="/Applications/play-2.2.0/repository/local/com.jsuereth/scala-arm_2.10/1.3/jars/scala-arm_2.10.jar">
						<origin-location is-local="true" location="/Applications/play-2.2.0/repository/local/com.jsuereth/scala-arm_2.10/1.3/jars/scala-arm_2.10.jar"/>
					</artifact>
				</artifacts>
			</revision>
		</module>
		<module organisation="javax.transaction" name="jta">
			<revision name="1.1" status="release" pubdate="20120905080950" resolver="sbt-chain" artresolver="sbt-chain" homepage="http://java.sun.com/products/jta" downloaded="false" searched="false" default="false" conf="compile, master(*), runtime, compile(*), runtime(*), master" position="31">
				<metadata-artifact status="no" details="" size="2343" time="0" location="/Applications/play-2.2.0/framework/../repository/cache/javax.transaction/jta/ivy-1.1.xml" searched="false" origin-is-local="true" origin-location="/Applications/play-2.2.0/repository/local/javax.transaction/jta/1.1/ivys/ivy.xml"/>
				<caller organisation="play" name="play_2.10" conf="default, compile, runtime, master" rev="1.1" rev-constraint-default="1.1" rev-constraint-dynamic="1.1" callerrev="2.1.3"/>
				<artifacts>
					<artifact name="jta" type="jar" ext="jar" status="no" details="" size="15071" time="0" location="/Applications/play-2.2.0/repository/local/javax.transaction/jta/1.1/jars/jta.jar">
						<origin-location is-local="true" location="/Applications/play-2.2.0/repository/local/javax.transaction/jta/1.1/jars/jta.jar"/>
					</artifact>
				</artifacts>
			</revision>
		</module>
		<module organisation="org.scala-lang" name="scala-reflect">
			<revision name="2.10.0" status="release" pubdate="20121220082932" resolver="sbt-chain" artresolver="sbt-chain" homepage="http://www.scala-lang.org/" downloaded="false" searched="false" default="false" conf="compile, master(*), runtime, compile(*), runtime(*), master" position="32">
				<license name="BSD-like" url="http://www.scala-lang.org/downloads/license.html    "/>
				<metadata-artifact status="no" details="" size="2552" time="0" location="/Applications/play-2.2.0/framework/../repository/cache/org.scala-lang/scala-reflect/ivy-2.10.0.xml" searched="false" origin-is-local="false" origin-location="http://repo1.maven.org/maven2/org/scala-lang/scala-reflect/2.10.0/scala-reflect-2.10.0.pom"/>
				<caller organisation="play" name="play_2.10" conf="default, compile, runtime, master" rev="2.10.0" rev-constraint-default="2.10.0" rev-constraint-dynamic="2.10.0" callerrev="2.1.3"/>
				<artifacts>
					<artifact name="scala-reflect" type="jar" ext="jar" status="no" details="" size="3149351" time="0" location="/Applications/play-2.2.0/framework/../repository/cache/org.scala-lang/scala-reflect/jars/scala-reflect-2.10.0.jar">
						<origin-location is-local="false" location="http://repo1.maven.org/maven2/org/scala-lang/scala-reflect/2.10.0/scala-reflect-2.10.0.jar"/>
					</artifact>
				</artifacts>
			</revision>
		</module>
		<module organisation="play" name="play-exceptions">
			<revision name="2.1.3" status="release" pubdate="20130806131158" resolver="sbt-chain" artresolver="sbt-chain" homepage="" downloaded="false" searched="false" default="false" conf="compile, master(*), runtime, compile(*), runtime(*), master" position="4">
				<metadata-artifact status="no" details="" size="2228" time="0" location="/Applications/play-2.2.0/framework/../repository/cache/play/play-exceptions/ivy-2.1.3.xml" searched="false" origin-is-local="false" origin-location="http://repo.typesafe.com/typesafe/releases/play/play-exceptions/2.1.3/play-exceptions-2.1.3.pom"/>
				<caller organisation="play" name="play_2.10" conf="default, compile, runtime, master" rev="2.1.3" rev-constraint-default="2.1.3" rev-constraint-dynamic="2.1.3" callerrev="2.1.3"/>
				<artifacts>
					<artifact name="play-exceptions" type="jar" ext="jar" status="no" details="" size="4561" time="0" location="/Applications/play-2.2.0/framework/../repository/cache/play/play-exceptions/jars/play-exceptions-2.1.3.jar">
						<origin-location is-local="false" location="http://repo.typesafe.com/typesafe/releases/play/play-exceptions/2.1.3/play-exceptions-2.1.3.jar"/>
					</artifact>
				</artifacts>
			</revision>
		</module>
		<module organisation="play" name="sbt-link">
			<revision name="2.1.3" status="release" pubdate="20130806131155" resolver="sbt-chain" artresolver="sbt-chain" homepage="" downloaded="false" searched="false" default="false" conf="compile, master(*), runtime, compile(*), runtime(*), master" position="2">
				<metadata-artifact status="no" details="" size="2379" time="0" location="/Applications/play-2.2.0/framework/../repository/cache/play/sbt-link/ivy-2.1.3.xml" searched="false" origin-is-local="false" origin-location="http://repo.typesafe.com/typesafe/releases/play/sbt-link/2.1.3/sbt-link-2.1.3.pom"/>
				<caller organisation="play" name="play_2.10" conf="default, compile, runtime, master" rev="2.1.3" rev-constraint-default="2.1.3" rev-constraint-dynamic="2.1.3" callerrev="2.1.3"/>
				<artifacts>
					<artifact name="sbt-link" type="jar" ext="jar" status="no" details="" size="8480" time="0" location="/Applications/play-2.2.0/framework/../repository/cache/play/sbt-link/jars/sbt-link-2.1.3.jar">
						<origin-location is-local="false" location="http://repo.typesafe.com/typesafe/releases/play/sbt-link/2.1.3/sbt-link-2.1.3.jar"/>
					</artifact>
				</artifacts>
			</revision>
		</module>
		<module organisation="org.javassist" name="javassist">
			<revision name="3.16.1-GA" status="release" pubdate="20120306163712" resolver="public" artresolver="public" homepage="http://www.javassist.org/" downloaded="false" searched="false" default="false" conf="compile, master(*), runtime, compile(*), runtime(*), master" position="3">
				<license name="MPL 1.1" url="http://www.mozilla.org/MPL/MPL-1.1.html"/>
				<license name="LGPL 2.1" url="http://www.gnu.org/licenses/lgpl-2.1.html"/>
				<license name="Apache License 2.0" url="http://www.apache.org/licenses/"/>
				<metadata-artifact status="no" details="" size="3064" time="0" location="/Applications/play-2.2.0/framework/../repository/cache/org.javassist/javassist/ivy-3.16.1-GA.xml" searched="false" origin-is-local="false" origin-location="http://repo1.maven.org/maven2/org/javassist/javassist/3.16.1-GA/javassist-3.16.1-GA.pom"/>
				<caller organisation="play" name="sbt-link" conf="compile, runtime" rev="3.16.1-GA" rev-constraint-default="3.16.1-GA" rev-constraint-dynamic="3.16.1-GA" callerrev="2.1.3"/>
				<caller organisation="play" name="play-java_2.10" conf="compile, runtime" rev="3.16.1-GA" rev-constraint-default="3.16.1-GA" rev-constraint-dynamic="3.16.1-GA" callerrev="2.1.3"/>
				<artifacts>
					<artifact name="javassist" type="jar" ext="jar" status="no" details="" size="659343" time="0" location="/Applications/play-2.2.0/framework/../repository/cache/org.javassist/javassist/jars/javassist-3.16.1-GA.jar">
						<origin-location is-local="false" location="http://repo1.maven.org/maven2/org/javassist/javassist/3.16.1-GA/javassist-3.16.1-GA.jar"/>
					</artifact>
				</artifacts>
			</revision>
		</module>
		<module organisation="org.scala-lang" name="scala-library">
			<revision name="2.10.0" status="release" pubdate="20121220082916" resolver="sbt-chain" artresolver="sbt-chain" homepage="http://www.scala-lang.org/" downloaded="false" searched="false" default="false" conf="default(compile), default, compile, master(*), compile(*), runtime, runtime(*), master" position="0">
				<license name="BSD-like" url="http://www.scala-lang.org/downloads/license.html          "/>
				<metadata-artifact status="no" details="" size="2392" time="0" location="/Applications/play-2.2.0/framework/../repository/cache/org.scala-lang/scala-library/ivy-2.10.0.xml" searched="false" origin-is-local="false" origin-location="http://repo1.maven.org/maven2/org/scala-lang/scala-library/2.10.0/scala-library-2.10.0.pom"/>
				<caller organisation="com.typesafe.slick" name="slick_2.10" conf="compile, runtime" rev="2.10.0" rev-constraint-default="2.10.0" rev-constraint-dynamic="2.10.1" callerrev="1.0.1"/>
				<caller organisation="com.typesafe.akka" name="akka-slf4j_2.10" conf="compile, runtime" rev="2.10.0" rev-constraint-default="2.10.0" rev-constraint-dynamic="2.10.0" callerrev="2.1.0"/>
				<caller organisation="org.specs2" name="scalaz-concurrent_2.10" conf="compile, runtime" rev="2.10.0" rev-constraint-default="2.10.0" rev-constraint-dynamic="2.10.0" callerrev="7.0.0"/>
				<caller organisation="org.specs2" name="scalaz-core_2.10" conf="compile, runtime" rev="2.10.0" rev-constraint-default="2.10.0" rev-constraint-dynamic="2.10.0" callerrev="7.0.0"/>
				<caller organisation="com.typesafe.play" name="play-slick_2.10" conf="default, compile, runtime, master" rev="2.10.0" rev-constraint-default="2.10.0" rev-constraint-dynamic="2.10.2" callerrev="0.4.0"/>
				<caller organisation="org.scala-lang" name="scala-reflect" conf="compile, runtime" rev="2.10.0" rev-constraint-default="2.10.0" rev-constraint-dynamic="2.10.0" callerrev="2.10.0"/>
				<caller organisation="play-scala-backbone-todo" name="play-scala-backbone-todo_2.10" conf="test-internal, test, optional, compile, provided, runtime" rev="2.10.0" rev-constraint-default="2.10.0" rev-constraint-dynamic="2.10.0" callerrev="1.0-SNAPSHOT"/>
				<caller organisation="org.scala-stm" name="scala-stm_2.10.0" conf="compile, runtime" rev="2.10.0" rev-constraint-default="2.10.0" rev-constraint-dynamic="2.10.0" callerrev="0.6"/>
				<caller organisation="com.jsuereth" name="scala-arm_2.10" conf="compile, runtime" rev="2.10.0" rev-constraint-default="2.10.0" rev-constraint-dynamic="2.10.0" callerrev="1.3"/>
				<caller organisation="org.specs2" name="scalaz-effect_2.10" conf="compile, runtime" rev="2.10.0" rev-constraint-default="2.10.0" rev-constraint-dynamic="2.10.0" callerrev="7.0.0"/>
				<caller organisation="com.typesafe.akka" name="akka-actor_2.10" conf="compile, runtime" rev="2.10.0" rev-constraint-default="2.10.0" rev-constraint-dynamic="2.10.0" callerrev="2.1.0"/>
				<caller organisation="com.github.scala-incubator.io" name="scala-io-core_2.10" conf="compile, runtime" rev="2.10.0" rev-constraint-default="2.10.0" rev-constraint-dynamic="2.10.0" callerrev="0.4.2"/>
				<caller organisation="com.github.scala-incubator.io" name="scala-io-file_2.10" conf="compile, runtime" rev="2.10.0" rev-constraint-default="2.10.0" rev-constraint-dynamic="2.10.0" callerrev="0.4.2"/>
				<artifacts>
				</artifacts>
			</revision>
		</module>
	</dependencies>
</ivy-report>
