<component name="libraryTable">
  <library name="SBT: junit:junit-dep:4.8.2">
    <CLASSES>
      <root url="jar:///Applications/play-2.2.0/repository/cache/junit/junit-dep/jars/junit-dep-4.8.2.jar!/"></root>
    </CLASSES>
    <JAVADOC> </JAVADOC>
    <SOURCES> </SOURCES>
  </library>
</component>